#-----------------------------------------------------------
# Vivado v2018.2 (64-bit)
# SW Build 2258646 on Thu Jun 14 20:03:12 MDT 2018
# IP Build 2256618 on Thu Jun 14 22:10:49 MDT 2018
# Start of session at: Wed Oct 25 21:21:07 2023
# Process ID: 3424
# Current directory: C:/EE2026 lab/Project/Tetris_EE2026_
# Command line: vivado.exe -gui_launcher_event rodinguilauncherevent18248 C:\EE2026 lab\Project\Tetris_EE2026_\tetris.xpr
# Log file: C:/EE2026 lab/Project/Tetris_EE2026_/vivado.log
# Journal file: C:/EE2026 lab/Project/Tetris_EE2026_\vivado.jou
#-----------------------------------------------------------
start_gui
open_project {C:/EE2026 lab/Project/Tetris_EE2026_/tetris.xpr}
CRITICAL WARNING: [Project 1-19] Could not find the file 'C:/EE2026 lab/Project/Tetris_EE2026_/tetris.srcs/sources_1/imports/hdl/top.v'.
Scanning sources...
Finished scanning sources
WARNING: [filemgmt 56-3] IPUserFilesDir: Could not find the directory 'C:/EE2026 lab/Project/Tetris_EE2026_/tetris.ip_user_files'.
INFO: [IP_Flow 19-234] Refreshing IP repositories
INFO: [IP_Flow 19-1704] No user IP repositories specified
INFO: [IP_Flow 19-2313] Loaded Vivado IP repository 'C:/Xilinx/Vivado/2018.2/data/ip'.
update_compile_order -fileset sources_1
update_compile_order -fileset sources_1
eexit
INFO: [Common 17-206] Exiting Vivado at Wed Oct 25 21:30:04 2023...
s_EE2026_/tetris.srcs/sources_1/imports/hdl/top.v}}] -no_script -reset -force -quiet
remove_files  {{C:/EE2026 lab/Project/Tetris_EE2026_/tetris.srcs/sources_1/imports/hdl/top.v}}
close [ open {C:/EE2026 lab/Project/Tetris_EE2026_/tetris.srcs/sources_1/new/top_keyboard.v} w ]
add_files {{C:/EE2026 lab/Project/Tetris_EE2026_/tetris.srcs/sources_1/new/top_keyboard.v}}
update_compile_order -fileset sources_1
update_compile_order -fileset sources_1
update_compile_order -fileset sources_1
update_compile_order -fileset sources_1
exit
INFO: [Common 17-206] Exiting Vivado at Wed Oct 25 21:23:52 2023...
