#-----------------------------------------------------------
# Vivado v2018.2 (64-bit)
# SW Build 2258646 on Thu Jun 14 20:03:12 MDT 2018
# IP Build 2256618 on Thu Jun 14 22:10:49 MDT 2018
# Start of session at: Tue Oct 31 13:37:30 2023
# Process ID: 11488
# Current directory: C:/Users/Administrator/Desktop/Yongjing_desktop_backup/NUS_Studies/Y2S1/EE2026/Lab/Tetris_EE2026_
# Command line: vivado.exe -gui_launcher_event rodinguilauncherevent9668 C:\Users\Administrator\Desktop\Yongjing_desktop_backup\NUS_Studies\Y2S1\EE2026\Lab\Tetris_EE2026_\tetris.xpr
# Log file: C:/Users/Administrator/Desktop/Yongjing_desktop_backup/NUS_Studies/Y2S1/EE2026/Lab/Tetris_EE2026_/vivado.log
# Journal file: C:/Users/Administrator/Desktop/Yongjing_desktop_backup/NUS_Studies/Y2S1/EE2026/Lab/Tetris_EE2026_\vivado.jou
#-----------------------------------------------------------
start_guioopen_project C:/Users/Administrator/Desktop/Yongjing_desktop_backup/NUS_Studies/Y2S1/EE2026/Lab/Tetris_EE2026_/tetris.xpr
INFO: [ProjectBase 1-489] The host OS only allows 260 characters in a normal path. The project is stored in a path with more than 80 characters. If you experience issues with IP, Block Designs, or files not being found, please consider moving the project to a location with a shorter path. Alternately consider using the OS subst command to map part of the path to a drive letter.
Current project path is 'C:/Users/Administrator/Desktop/Yongjing_desktop_backup/NUS_Studies/Y2S1/EE2026/Lab/Tetris_EE2026_'
INFO: [Project 1-313] Project file moved from 'C:/EE2026 lab/Project/Tetris_EE2026_' since last save.
CRITICAL WARNING: [Project 1-311] Could not find the file 'C:/Users/Administrator/Desktop/Yongjing_desktop_backup/NUS_Studies/Y2S1/Users/dave9/Desktop/vivado_proj/Basys-3-Keyboard.srcs/sources_1/imports/hdl/debouncer.v', nor could it be found using path 'C:/Users/dave9/Desktop/vivado_proj/Basys-3-Keyboard.srcs/sources_1/imports/hdl/debouncer.v'.
Scanning sources...
Finished scanning sources
INFO: [IP_Flow 19-234] Refreshing IP repositories
INFO: [IP_Flow 19-1704] No user IP repositories specified
INFO: [IP_Flow 19-2313] Loaded Vivado IP repository 'C:/Xilinx/Vivado/2018.2/data/ip'.uupdate_compile_order -fileset sources_1update_compile_order -fileset sources_1
exit
INFO: [Common 17-206] Exiting Vivado at Tue Oct 31 13:41:21 2023...
