#-----------------------------------------------------------
# Vivado v2018.2 (64-bit)
# SW Build 2258646 on Thu Jun 14 20:03:12 MDT 2018
# IP Build 2256618 on Thu Jun 14 22:10:49 MDT 2018
# Start of session at: Tue Oct 31 13:41:23 2023
# Process ID: 2676
# Current directory: C:/Users/Administrator/Desktop/Yongjing_desktop_backup/NUS_Studies/Y2S1/EE2026/Lab/Tetris_EE2026_
# Command line: vivado.exe -gui_launcher_event rodinguilauncherevent14156 C:\Users\Administrator\Desktop\Yongjing_desktop_backup\NUS_Studies\Y2S1\EE2026\Lab\Tetris_EE2026_\tetris.xpr
# Log file: C:/Users/Administrator/Desktop/Yongjing_desktop_backup/NUS_Studies/Y2S1/EE2026/Lab/Tetris_EE2026_/vivado.log
# Journal file: C:/Users/Administrator/Desktop/Yongjing_desktop_backup/NUS_Studies/Y2S1/EE2026/Lab/Tetris_EE2026_\vivado.jou
#-----------------------------------------------------------
start_gui
open_project C:/Users/Administrator/Desktop/Yongjing_desktop_backup/NUS_Studies/Y2S1/EE2026/Lab/Tetris_EE2026_/tetris.xpr
INFO: [ProjectBase 1-489] The host OS only allows 260 characters in a normal path. The project is stored in a path with more than 80 characters. If you experience issues with IP, Block Designs, or files not being found, please consider moving the project to a location with a shorter path. Alternately consider using the OS subst command to map part of the path to a drive letter.
Current project path is 'C:/Users/Administrator/Desktop/Yongjing_desktop_backup/NUS_Studies/Y2S1/EE2026/Lab/Tetris_EE2026_'
CRITICAL WARNING: [Project 1-19] Could not find the file 'C:/Users/Administrator/Desktop/Yongjing_desktop_backup/NUS_Studies/Y2S1/EE2026/Lab/Tetris_EE2026_/tetris.srcs/sources_1/new/Keyboard_Receiver.v'.
CRITICAL WARNING: [Project 1-19] Could not find the file 'C:/Users/Administrator/Desktop/Yongjing_desktop_backup/NUS_Studies/Y2S1/EE2026/Lab/Tetris_EE2026_/tetris.srcs/sources_1/new/debouncer.v'.
CRITICAL WARNING: [Project 1-19] Could not find the file 'C:/Users/Administrator/Desktop/Yongjing_desktop_backup/NUS_Studies/Y2S1/EE2026/Lab/Tetris_EE2026_/tetris.srcs/sources_1/new/keyboard_out.v'.
CRITICAL WARNING: [Project 1-19] Could not find the file 'C:/Users/Administrator/Desktop/Yongjing_desktop_backup/NUS_Studies/Y2S1/EE2026/Lab/Tetris_EE2026_/tetris.srcs/sources_1/imports/hdl/PS2Receiver.v'.
CRITICAL WARNING: [Project 1-19] Could not find the file 'C:/Users/Administrator/Desktop/Yongjing_desktop_backup/NUS_Studies/Y2S1/EE2026/Lab/Tetris_EE2026_/tetris.srcs/sources_1/imports/hdl/bin2ascii.v'.
CRITICAL WARNING: [Project 1-19] Could not find the file 'C:/Users/Administrator/Desktop/Yongjing_desktop_backup/NUS_Studies/Y2S1/Users/dave9/Desktop/vivado_proj/Basys-3-Keyboard.srcs/sources_1/imports/hdl/debouncer.v'.
CRITICAL WARNING: [Project 1-19] Could not find the file 'C:/Users/Administrator/Desktop/Yongjing_desktop_backup/NUS_Studies/Y2S1/EE2026/Lab/Tetris_EE2026_/tetris.srcs/sources_1/imports/hdl/uart_buf_con.v'.
CRITICAL WARNING: [Project 1-19] Could not find the file 'C:/Users/Administrator/Desktop/Yongjing_desktop_backup/NUS_Studies/Y2S1/EE2026/Lab/Tetris_EE2026_/tetris.srcs/sources_1/imports/hdl/uart_tx.v'.
CRITICAL WARNING: [Project 1-19] Could not find the file 'C:/Users/Administrator/Desktop/Yongjing_desktop_backup/NUS_Studies/Y2S1/EE2026/Lab/Tetris_EE2026_/tetris.srcs/sources_1/new/top_keyboard.v'.
CRITICAL WARNING: [Project 1-19] Could not find the file 'C:/Users/Administrator/Desktop/Yongjing_desktop_backup/NUS_Studies/Y2S1/EE2026/Lab/Tetris_EE2026_/tetris.srcs/sources_1/new/var_clk.v'.
CRITICAL WARNING: [Project 1-19] Could not find the file 'C:/Users/Administrator/Desktop/Yongjing_desktop_backup/NUS_Studies/Y2S1/EE2026/Lab/Tetris_EE2026_/tetris.srcs/sources_1/new/selected_key_press.v'.
Scanning sources...
Finished scanning sources
WARNING: [Project 1-509] GeneratedRun file for 'synth_1' not found
WARNING: [Project 1-509] GeneratedRun file for 'impl_1' not found
WARNING: [filemgmt 56-3] IPUserFilesDir: Could not find the directory 'C:/Users/Administrator/Desktop/Yongjing_desktop_backup/NUS_Studies/Y2S1/EE2026/Lab/Tetris_EE2026_/tetris.ip_user_files'.
INFO: [IP_Flow 19-234] Refreshing IP repositories
INFO: [IP_Flow 19-1704] No user IP repositories specified
INFO: [IP_Flow 19-2313] Loaded Vivado IP repository 'C:/Xilinx/Vivado/2018.2/data/ip'.
update_compile_order -fileset sources_1
add_files {C:/Users/Administrator/Desktop/Yongjing_desktop_backup/NUS_Studies/Y2S1/EE2026/Lab/Tetris_EE2026_/tetris.srcs/sources_1/new/block_color.v C:/Users/Administrator/Desktop/Yongjing_desktop_backup/NUS_Studies/Y2S1/EE2026/Lab/Tetris_EE2026_/tetris.srcs/sources_1/new/flexi_clock.v C:/Users/Administrator/Desktop/Yongjing_desktop_backup/NUS_Studies/Y2S1/EE2026/Lab/Tetris_EE2026_/tetris.srcs/sources_1/new/rng_block.v C:/Users/Administrator/Desktop/Yongjing_desktop_backup/NUS_Studies/Y2S1/EE2026/Lab/Tetris_EE2026_/tetris.srcs/sources_1/new/slow_drop.v C:/Users/Administrator/Desktop/Yongjing_desktop_backup/NUS_Studies/Y2S1/EE2026/Lab/Tetris_EE2026_/tetris.srcs/sources_1/new/T_to_m.v C:/Users/Administrator/Desktop/Yongjing_desktop_backup/NUS_Studies/Y2S1/EE2026/Lab/Tetris_EE2026_/tetris.srcs/sources_1/new/get_coords.v C:/Users/Administrator/Desktop/Yongjing_desktop_backup/NUS_Studies/Y2S1/EE2026/Lab/Tetris_EE2026_/tetris.srcs/sources_1/new/Oled_Display.v C:/Users/Administrator/Desktop/Yongjing_desktop_backup/NUS_Studies/Y2S1/EE2026/Lab/Tetris_EE2026_/tetris.srcs/sources_1/new/show_grid.v C:/Users/Administrator/Desktop/Yongjing_desktop_backup/NUS_Studies/Y2S1/EE2026/Lab/Tetris_EE2026_/tetris.srcs/sources_1/new/grid_to_pix_coords.v C:/Users/Administrator/Desktop/Yongjing_desktop_backup/NUS_Studies/Y2S1/EE2026/Lab/Tetris_EE2026_/tetris.srcs/sources_1/new/oled_to_grid_coords.v C:/Users/Administrator/Desktop/Yongjing_desktop_backup/NUS_Studies/Y2S1/EE2026/Lab/Tetris_EE2026_/tetris.srcs/sources_1/new/tetrimino.v C:/Users/Administrator/Desktop/Yongjing_desktop_backup/NUS_Studies/Y2S1/EE2026/Lab/Tetris_EE2026_/tetris.srcs/sources_1/new/main.v C:/Users/Administrator/Desktop/Yongjing_desktop_backup/NUS_Studies/Y2S1/EE2026/Lab/Tetris_EE2026_/tetris.srcs/sources_1/new/yyx_to_grid_coords.v}
WARNING: [filemgmt 56-12] File 'C:/Users/Administrator/Desktop/Yongjing_desktop_backup/NUS_Studies/Y2S1/EE2026/Lab/Tetris_EE2026_/tetris.srcs/sources_1/new/main.v' cannot be added to the project because it already exists in the project, skipping this file
update_compile_order -fileset sources_1
close [ open C:/Users/Administrator/Desktop/Yongjing_desktop_backup/NUS_Studies/Y2S1/EE2026/Lab/Tetris_EE2026_/tetris.srcs/sources_1/new/update_pos.v w ]
add_files C:/Users/Administrator/Desktop/Yongjing_desktop_backup/NUS_Studies/Y2S1/EE2026/Lab/Tetris_EE2026_/tetris.srcs/sources_1/new/update_pos.v
update_compile_order -fileset sources_1
close [ open C:/Users/Administrator/Desktop/Yongjing_desktop_backup/NUS_Studies/Y2S1/EE2026/Lab/Tetris_EE2026_/tetris.srcs/sources_1/new/rotate.v w ]
add_files C:/Users/Administrator/Desktop/Yongjing_desktop_backup/NUS_Studies/Y2S1/EE2026/Lab/Tetris_EE2026_/tetris.srcs/sources_1/new/rotate.v
close [ open C:/Users/Administrator/Desktop/Yongjing_desktop_backup/NUS_Studies/Y2S1/EE2026/Lab/Tetris_EE2026_/tetris.srcs/sources_1/new/moveL.v w ]
add_files C:/Users/Administrator/Desktop/Yongjing_desktop_backup/NUS_Studies/Y2S1/EE2026/Lab/Tetris_EE2026_/tetris.srcs/sources_1/new/moveL.v
close [ open C:/Users/Administrator/Desktop/Yongjing_desktop_backup/NUS_Studies/Y2S1/EE2026/Lab/Tetris_EE2026_/tetris.srcs/sources_1/new/hard_drop.v w ]
add_files C:/Users/Administrator/Desktop/Yongjing_desktop_backup/NUS_Studies/Y2S1/EE2026/Lab/Tetris_EE2026_/tetris.srcs/sources_1/new/hard_drop.v
close [ open C:/Users/Administrator/Desktop/Yongjing_desktop_backup/NUS_Studies/Y2S1/EE2026/Lab/Tetris_EE2026_/tetris.srcs/sources_1/new/moveR.v w ]
add_files C:/Users/Administrator/Desktop/Yongjing_desktop_backup/NUS_Studies/Y2S1/EE2026/Lab/Tetris_EE2026_/tetris.srcs/sources_1/new/moveR.v
update_compile_order -fileset sources_1
update_compile_order -fileset sources_1
update_compile_order -fileset sources_1
update_compile_order -fileset sources_1
export_ip_user_files -of_objects  [get_files C:/Users/Administrator/Desktop/Yongjing_desktop_backup/NUS_Studies/Y2S1/EE2026/Lab/Tetris_EE2026_/tetris.srcs/sources_1/new/rotate.v] -no_script -reset -force -quiet
remove_files  C:/Users/Administrator/Desktop/Yongjing_desktop_backup/NUS_Studies/Y2S1/EE2026/Lab/Tetris_EE2026_/tetris.srcs/sources_1/new/rotate.v
file delete -force C:/Users/Administrator/Desktop/Yongjing_desktop_backup/NUS_Studies/Y2S1/EE2026/Lab/Tetris_EE2026_/tetris.srcs/sources_1/new/rotate.v
export_ip_user_files -of_objects  [get_files C:/Users/Administrator/Desktop/Yongjing_desktop_backup/NUS_Studies/Y2S1/EE2026/Lab/Tetris_EE2026_/tetris.srcs/sources_1/new/moveL.v] -no_script -reset -force -quiet
remove_files  C:/Users/Administrator/Desktop/Yongjing_desktop_backup/NUS_Studies/Y2S1/EE2026/Lab/Tetris_EE2026_/tetris.srcs/sources_1/new/moveL.v
file delete -force C:/Users/Administrator/Desktop/Yongjing_desktop_backup/NUS_Studies/Y2S1/EE2026/Lab/Tetris_EE2026_/tetris.srcs/sources_1/new/moveL.v
export_ip_user_files -of_objects  [get_files C:/Users/Administrator/Desktop/Yongjing_desktop_backup/NUS_Studies/Y2S1/EE2026/Lab/Tetris_EE2026_/tetris.srcs/sources_1/new/moveR.v] -no_script -reset -force -quiet
remove_files  C:/Users/Administrator/Desktop/Yongjing_desktop_backup/NUS_Studies/Y2S1/EE2026/Lab/Tetris_EE2026_/tetris.srcs/sources_1/new/moveR.v
file delete -force C:/Users/Administrator/Desktop/Yongjing_desktop_backup/NUS_Studies/Y2S1/EE2026/Lab/Tetris_EE2026_/tetris.srcs/sources_1/new/moveR.v
export_ip_user_files -of_objects  [get_files C:/Users/Administrator/Desktop/Yongjing_desktop_backup/NUS_Studies/Y2S1/EE2026/Lab/Tetris_EE2026_/tetris.srcs/sources_1/new/hard_drop.v] -no_script -reset -force -quiet
remove_files  C:/Users/Administrator/Desktop/Yongjing_desktop_backup/NUS_Studies/Y2S1/EE2026/Lab/Tetris_EE2026_/tetris.srcs/sources_1/new/hard_drop.v
file delete -force C:/Users/Administrator/Desktop/Yongjing_desktop_backup/NUS_Studies/Y2S1/EE2026/Lab/Tetris_EE2026_/tetris.srcs/sources_1/new/hard_drop.v
export_ip_user_files -of_objects  [get_files C:/Users/Administrator/Desktop/Yongjing_desktop_backup/NUS_Studies/Y2S1/EE2026/Lab/Tetris_EE2026_/tetris.srcs/sources_1/new/update_pos.v] -no_script -reset -force -quiet
remove_files  C:/Users/Administrator/Desktop/Yongjing_desktop_backup/NUS_Studies/Y2S1/EE2026/Lab/Tetris_EE2026_/tetris.srcs/sources_1/new/update_pos.v
file delete -force C:/Users/Administrator/Desktop/Yongjing_desktop_backup/NUS_Studies/Y2S1/EE2026/Lab/Tetris_EE2026_/tetris.srcs/sources_1/new/update_pos.v
remove_files  C:/Users/Administrator/Desktop/Yongjing_desktop_backup/NUS_Studies/Y2S1/EE2026/Lab/Tetris_EE2026_/tetris.srcs/sources_1/new/rotate.v
WARNING: [Vivado 12-818] No files matched 'C:/Users/Administrator/Desktop/Yongjing_desktop_backup/NUS_Studies/Y2S1/EE2026/Lab/Tetris_EE2026_/tetris.srcs/sources_1/new/rotate.v'
update_compile_order -fileset sources_1
update_compile_order -fileset sources_1
update_compile_order -fileset sources_1
exit
INFO: [Common 17-206] Exiting Vivado at Tue Oct 31 15:58:54 2023...
