#-----------------------------------------------------------
# Vivado v2018.2 (64-bit)
# SW Build 2258646 on Thu Jun 14 20:03:12 MDT 2018
# IP Build 2256618 on Thu Jun 14 22:10:49 MDT 2018
# Start of session at: Mon Oct 30 22:23:37 2023
# Process ID: 8120
# Current directory: C:/Users/Administrator/Desktop/Yongjing_desktop_backup/NUS_Studies/Y2S1/EE2026/Lab/Tetris_EE2026_
# Command line: vivado.exe -gui_launcher_event rodinguilauncherevent4396 C:\Users\Administrator\Desktop\Yongjing_desktop_backup\NUS_Studies\Y2S1\EE2026\Lab\Tetris_EE2026_\tetris.xpr
# Log file: C:/Users/Administrator/Desktop/Yongjing_desktop_backup/NUS_Studies/Y2S1/EE2026/Lab/Tetris_EE2026_/vivado.log
# Journal file: C:/Users/Administrator/Desktop/Yongjing_desktop_backup/NUS_Studies/Y2S1/EE2026/Lab/Tetris_EE2026_\vivado.jou
#-----------------------------------------------------------
start_gui
open_project C:/Users/Administrator/Desktop/Yongjing_desktop_backup/NUS_Studies/Y2S1/EE2026/Lab/Tetris_EE2026_/tetris.xpr
INFO: [ProjectBase 1-489] The host OS only allows 260 characters in a normal path. The project is stored in a path with more than 80 characters. If you experience issues with IP, Block Designs, or files not being found, please consider moving the project to a location with a shorter path. Alternately consider using the OS subst command to map part of the path to a drive letter.
Current project path is 'C:/Users/Administrator/Desktop/Yongjing_desktop_backup/NUS_Studies/Y2S1/EE2026/Lab/Tetris_EE2026_'
INFO: [Project 1-313] Project file moved from 'C:/EE2026 lab/Project/Tetris_EE2026_' since last save.
Scanning sources...
Finished scanning sources
WARNING: [filemgmt 56-2] IPUserFilesDir: Could not find the directory 'C:/Users/Administrator/Desktop/Yongjing_desktop_backup/NUS_Studies/Y2S1/EE2026/Lab/Tetris_EE2026_/tetris.ip_user_files', nor could it be found using path 'C:/EE2026 lab/Project/Tetris_EE2026_/tetris.ip_user_files'.
INFO: [IP_Flow 19-234] Refreshing IP repositories
INFO: [IP_Flow 19-1704] No user IP repositories specified
INFO: [IP_Flow 19-2313] Loaded Vivado IP repository 'C:/Xilinx/Vivado/2018.2/data/ip'.
update_compile_order -fileset sources_1
add_files {C:/Users/Administrator/Desktop/Yongjing_desktop_backup/NUS_Studies/Y2S1/EE2026/Lab/Tetris_EE2026_/tetris.srcs/sources_1/new/slow_drop.v C:/Users/Administrator/Desktop/Yongjing_desktop_backup/NUS_Studies/Y2S1/EE2026/Lab/Tetris_EE2026_/tetris.srcs/sources_1/new/T_to_m.v C:/Users/Administrator/Desktop/Yongjing_desktop_backup/NUS_Studies/Y2S1/EE2026/Lab/Tetris_EE2026_/tetris.srcs/sources_1/new/block_color.v C:/Users/Administrator/Desktop/Yongjing_desktop_backup/NUS_Studies/Y2S1/EE2026/Lab/Tetris_EE2026_/tetris.srcs/sources_1/new/get_coords.v C:/Users/Administrator/Desktop/Yongjing_desktop_backup/NUS_Studies/Y2S1/EE2026/Lab/Tetris_EE2026_/tetris.srcs/sources_1/new/Oled_Display.v C:/Users/Administrator/Desktop/Yongjing_desktop_backup/NUS_Studies/Y2S1/EE2026/Lab/Tetris_EE2026_/tetris.srcs/sources_1/new/show_grid.v C:/Users/Administrator/Desktop/Yongjing_desktop_backup/NUS_Studies/Y2S1/EE2026/Lab/Tetris_EE2026_/tetris.srcs/sources_1/new/flexi_clock.v C:/Users/Administrator/Desktop/Yongjing_desktop_backup/NUS_Studies/Y2S1/EE2026/Lab/Tetris_EE2026_/tetris.srcs/sources_1/new/oled_to_grid_coords.v C:/Users/Administrator/Desktop/Yongjing_desktop_backup/NUS_Studies/Y2S1/EE2026/Lab/Tetris_EE2026_/tetris.srcs/sources_1/new/tetrimino.v C:/Users/Administrator/Desktop/Yongjing_desktop_backup/NUS_Studies/Y2S1/EE2026/Lab/Tetris_EE2026_/tetris.srcs/sources_1/new/main.v C:/Users/Administrator/Desktop/Yongjing_desktop_backup/NUS_Studies/Y2S1/EE2026/Lab/Tetris_EE2026_/tetris.srcs/sources_1/new/rng_block.v}
WARNING: [filemgmt 56-12] File 'C:/Users/Administrator/Desktop/Yongjing_desktop_backup/NUS_Studies/Y2S1/EE2026/Lab/Tetris_EE2026_/tetris.srcs/sources_1/new/main.v' cannot be added to the project because it already exists in the project, skipping this file
WARNING: [filemgmt 56-12] File 'C:/Users/Administrator/Desktop/Yongjing_desktop_backup/NUS_Studies/Y2S1/EE2026/Lab/Tetris_EE2026_/tetris.srcs/sources_1/new/rng_block.v' cannot be added to the project because it already exists in the project, skipping this file
update_compile_order -fileset sources_1
exit
INFO: [Common 17-206] Exiting Vivado at Mon Oct 30 22:29:46 2023...
