#-----------------------------------------------------------
# Vivado v2018.2 (64-bit)
# SW Build 2258646 on Thu Jun 14 20:03:12 MDT 2018
# IP Build 2256618 on Thu Jun 14 22:10:49 MDT 2018
# Start of session at: Thu Oct 26 12:35:41 2023
# Process ID: 25532
# Current directory: C:/EE2026 lab/Project/Tetris_EE2026_
# Command line: vivado.exe -gui_launcher_event rodinguilauncherevent25436 C:\EE2026 lab\Project\Tetris_EE2026_\tetris.xpr
# Log file: C:/EE2026 lab/Project/Tetris_EE2026_/vivado.log
# Journal file: C:/EE2026 lab/Project/Tetris_EE2026_\vivado.jou
#-----------------------------------------------------------
start_gui
open_project {C:/EE2026 lab/Project/Tetris_EE2026_/tetris.xpr}
Scanning sources...
Finished scanning sources
INFO: [IP_Flow 19-234] Refreshing IP repositories
INFO: [IP_Flow 19-1704] No user IP repositories specified
INFO: [IP_Flow 19-2313] Loaded Vivado IP repository 'C:/Xilinx/Vivado/2018.2/data/ip'.
open_project: Time (s): cpu = 00:00:15 ; elapsed = 00:00:10 . Memory (MB): peak = 794.781 ; gain = 61.113
exit
INFO: [Common 17-206] Exiting Vivadclose [ open {C:/EE2026 lab/Project/Tetris_EE2026_/tetris.srcs/sources_1/new/ps2_rx.v} w ]
add_files {{C:/EE2026 lab/Project/Tetris_EE2026_/tetris.srcs/sources_1/new/ps2_rx.v}}
update_compile_order -fileset sources_1
exit
INFO: [Common 17-206] Exiting Vivado at Thu Oct 26 13:36:13 2023...
