Copyright 1986-2018 Xilinx, Inc. All Rights Reserved.
---------------------------------------------------------------------------------------------------
| Tool Version : Vivado v.2018.2 (win64) Build 2258646 Thu Jun 14 20:03:12 MDT 2018
<<<<<<< Updated upstream
| Date         : Thu Nov  2 21:34:17 2023
=======
| Date         : Sat Nov  4 22:42:15 2023
>>>>>>> Stashed changes
| Host         : Yongjing-Victus running 64-bit major release  (build 9200)
| Command      : report_utilization -file main_utilization_synth.rpt -pb main_utilization_synth.pb
| Design       : main
| Device       : 7a35tcpg236-1
| Design State : Synthesized
---------------------------------------------------------------------------------------------------

Utilization Design Information

Table of Contents
-----------------
1. Slice Logic
1.1 Summary of Registers by Type
2. Memory
3. DSP
4. IO and GT Specific
5. Clocking
6. Specific Feature
7. Primitives
8. Black Boxes
9. Instantiated Netlists

1. Slice Logic
--------------

<<<<<<< Updated upstream
+-------------------------+------+-------+-----------+-------+
|        Site Type        | Used | Fixed | Available | Util% |
+-------------------------+------+-------+-----------+-------+
| Slice LUTs*             |  328 |     0 |     20800 |  1.58 |
|   LUT as Logic          |  328 |     0 |     20800 |  1.58 |
|   LUT as Memory         |    0 |     0 |      9600 |  0.00 |
| Slice Registers         |  156 |     0 |     41600 |  0.38 |
|   Register as Flip Flop |  156 |     0 |     41600 |  0.38 |
|   Register as Latch     |    0 |     0 |     41600 |  0.00 |
| F7 Muxes                |    0 |     0 |     16300 |  0.00 |
| F8 Muxes                |    0 |     0 |      8150 |  0.00 |
+-------------------------+------+-------+-----------+-------+
=======
+-------------------------+-------+-------+-----------+--------+
|        Site Type        |  Used | Fixed | Available |  Util% |
+-------------------------+-------+-------+-----------+--------+
| Slice LUTs*             | 25851 |     0 |     20800 | 124.28 |
|   LUT as Logic          | 25851 |     0 |     20800 | 124.28 |
|   LUT as Memory         |     0 |     0 |      9600 |   0.00 |
| Slice Registers         |  1958 |     0 |     41600 |   4.71 |
|   Register as Flip Flop |  1860 |     0 |     41600 |   4.47 |
|   Register as Latch     |    98 |     0 |     41600 |   0.24 |
| F7 Muxes                |   512 |     0 |     16300 |   3.14 |
| F8 Muxes                |    40 |     0 |      8150 |   0.49 |
+-------------------------+-------+-------+-----------+--------+
>>>>>>> Stashed changes
* Warning! The Final LUT count, after physical optimizations and full implementation, is typically lower. Run opt_design after synthesis, if not already completed, for a more realistic count.


1.1 Summary of Registers by Type
--------------------------------

+-------+--------------+-------------+--------------+
| Total | Clock Enable | Synchronous | Asynchronous |
+-------+--------------+-------------+--------------+
| 0     |            _ |           - |            - |
| 0     |            _ |           - |          Set |
| 0     |            _ |           - |        Reset |
| 0     |            _ |         Set |            - |
| 0     |            _ |       Reset |            - |
| 0     |          Yes |           - |            - |
| 0     |          Yes |           - |          Set |
<<<<<<< Updated upstream
| 0     |          Yes |           - |        Reset |
| 2     |          Yes |         Set |            - |
| 154   |          Yes |       Reset |            - |
=======
| 98    |          Yes |           - |        Reset |
| 21    |          Yes |         Set |            - |
| 1839  |          Yes |       Reset |            - |
>>>>>>> Stashed changes
+-------+--------------+-------------+--------------+


2. Memory
---------

+----------------+------+-------+-----------+-------+
|    Site Type   | Used | Fixed | Available | Util% |
+----------------+------+-------+-----------+-------+
| Block RAM Tile |    0 |     0 |        50 |  0.00 |
|   RAMB36/FIFO* |    0 |     0 |        50 |  0.00 |
|   RAMB18       |    0 |     0 |       100 |  0.00 |
+----------------+------+-------+-----------+-------+
* Note: Each Block RAM Tile only has one FIFO logic available and therefore can accommodate only one FIFO36E1 or one FIFO18E1. However, if a FIFO18E1 occupies a Block RAM Tile, that tile can still accommodate a RAMB18E1


3. DSP
------

+-----------+------+-------+-----------+-------+
| Site Type | Used | Fixed | Available | Util% |
+-----------+------+-------+-----------+-------+
| DSPs      |    0 |     0 |        90 |  0.00 |
+-----------+------+-------+-----------+-------+


4. IO and GT Specific
---------------------

+-----------------------------+------+-------+-----------+-------+
|          Site Type          | Used | Fixed | Available | Util% |
+-----------------------------+------+-------+-----------+-------+
<<<<<<< Updated upstream
| Bonded IOB                  |    9 |     0 |       106 |  8.49 |
=======
| Bonded IOB                  |   13 |     0 |       106 | 12.26 |
>>>>>>> Stashed changes
| Bonded IPADs                |    0 |     0 |        10 |  0.00 |
| Bonded OPADs                |    0 |     0 |         4 |  0.00 |
| PHY_CONTROL                 |    0 |     0 |         5 |  0.00 |
| PHASER_REF                  |    0 |     0 |         5 |  0.00 |
| OUT_FIFO                    |    0 |     0 |        20 |  0.00 |
| IN_FIFO                     |    0 |     0 |        20 |  0.00 |
| IDELAYCTRL                  |    0 |     0 |         5 |  0.00 |
| IBUFDS                      |    0 |     0 |       104 |  0.00 |
| GTPE2_CHANNEL               |    0 |     0 |         2 |  0.00 |
| PHASER_OUT/PHASER_OUT_PHY   |    0 |     0 |        20 |  0.00 |
| PHASER_IN/PHASER_IN_PHY     |    0 |     0 |        20 |  0.00 |
| IDELAYE2/IDELAYE2_FINEDELAY |    0 |     0 |       250 |  0.00 |
| IBUFDS_GTE2                 |    0 |     0 |         2 |  0.00 |
| ILOGIC                      |    0 |     0 |       106 |  0.00 |
| OLOGIC                      |    0 |     0 |       106 |  0.00 |
+-----------------------------+------+-------+-----------+-------+


5. Clocking
-----------

+------------+------+-------+-----------+-------+
|  Site Type | Used | Fixed | Available | Util% |
+------------+------+-------+-----------+-------+
<<<<<<< Updated upstream
| BUFGCTRL   |    2 |     0 |        32 |  6.25 |
=======
| BUFGCTRL   |    3 |     0 |        32 |  9.38 |
>>>>>>> Stashed changes
| BUFIO      |    0 |     0 |        20 |  0.00 |
| MMCME2_ADV |    0 |     0 |         5 |  0.00 |
| PLLE2_ADV  |    0 |     0 |         5 |  0.00 |
| BUFMRCE    |    0 |     0 |        10 |  0.00 |
| BUFHCE     |    0 |     0 |        72 |  0.00 |
| BUFR       |    0 |     0 |        20 |  0.00 |
+------------+------+-------+-----------+-------+


6. Specific Feature
-------------------

+-------------+------+-------+-----------+-------+
|  Site Type  | Used | Fixed | Available | Util% |
+-------------+------+-------+-----------+-------+
| BSCANE2     |    0 |     0 |         4 |  0.00 |
| CAPTUREE2   |    0 |     0 |         1 |  0.00 |
| DNA_PORT    |    0 |     0 |         1 |  0.00 |
| EFUSE_USR   |    0 |     0 |         1 |  0.00 |
| FRAME_ECCE2 |    0 |     0 |         1 |  0.00 |
| ICAPE2      |    0 |     0 |         2 |  0.00 |
| PCIE_2_1    |    0 |     0 |         1 |  0.00 |
| STARTUPE2   |    0 |     0 |         1 |  0.00 |
| XADC        |    0 |     0 |         1 |  0.00 |
+-------------+------+-------+-----------+-------+


7. Primitives
-------------

<<<<<<< Updated upstream
+----------+------+---------------------+
| Ref Name | Used | Functional Category |
+----------+------+---------------------+
| FDRE     |  154 |        Flop & Latch |
| LUT6     |  123 |                 LUT |
| LUT2     |   86 |                 LUT |
| LUT3     |   70 |                 LUT |
| LUT5     |   63 |                 LUT |
| CARRY4   |   52 |          CarryLogic |
| LUT4     |   38 |                 LUT |
| LUT1     |   10 |                 LUT |
| OBUF     |    7 |                  IO |
| FDSE     |    2 |        Flop & Latch |
| BUFG     |    2 |               Clock |
| OBUFT    |    1 |                  IO |
| IBUF     |    1 |                  IO |
+----------+------+---------------------+
=======
+----------+-------+---------------------+
| Ref Name |  Used | Functional Category |
+----------+-------+---------------------+
| LUT4     | 18662 |                 LUT |
| LUT6     | 11979 |                 LUT |
| LUT5     |  2306 |                 LUT |
| LUT3     |  1878 |                 LUT |
| FDRE     |  1839 |        Flop & Latch |
| LUT2     |  1492 |                 LUT |
| MUXF7    |   512 |               MuxFx |
| CARRY4   |   209 |          CarryLogic |
| LDCE     |    98 |        Flop & Latch |
| MUXF8    |    40 |               MuxFx |
| LUT1     |    28 |                 LUT |
| FDSE     |    21 |        Flop & Latch |
| OBUF     |     7 |                  IO |
| IBUF     |     5 |                  IO |
| BUFG     |     3 |               Clock |
| OBUFT    |     1 |                  IO |
+----------+-------+---------------------+
>>>>>>> Stashed changes


8. Black Boxes
--------------

+----------+------+
| Ref Name | Used |
+----------+------+


9. Instantiated Netlists
------------------------

+----------+------+
| Ref Name | Used |
+----------+------+


