
*** Running vivado
    with args -log top_keyboard.vds -m64 -product Vivado -mode batch -messageDb vivado.pb -notrace -source top_keyboard.tcl


****** Vivado v2018.2 (64-bit)
  **** SW Build 2258646 on Thu Jun 14 20:03:12 MDT 2018
  **** IP Build 2256618 on Thu Jun 14 22:10:49 MDT 2018
    ** Copyright 1986-2018 Xilinx, Inc. All Rights Reserved.

source top_keyboard.tcl -notrace
Command: synth_design -top top_keyboard -part xc7a35tcpg236-1
Starting synth_design
Attempting to get a license for feature 'Synthesis' and/or device 'xc7a35t'
INFO: [Common 17-349] Got license for feature 'Synthesis' and/or device 'xc7a35t'
INFO: Launching helper process for spawning children vivado processes
INFO: Helper process launched with PID 17840 
---------------------------------------------------------------------------------
Starting RTL Elaboration : Time (s): cpu = 00:00:02 ; elapsed = 00:00:02 . Memory (MB): peak = 356.520 ; gain = 99.996
---------------------------------------------------------------------------------
INFO: [Synth 8-6157] synthesizing module 'top_keyboard' [C:/EE2026 lab/Project/Tetris_EE2026_/tetris.srcs/sources_1/new/top_keyboard.v:3]
INFO: [Synth 8-6157] synthesizing module 'PS2Receiver' [C:/EE2026 lab/Project/Tetris_EE2026_/tetris.srcs/sources_1/imports/hdl/PS2Receiver.v:23]
INFO: [Synth 8-6157] synthesizing module 'debouncer' [C:/Users/dave9/Desktop/vivado_proj/Basys-3-Keyboard.srcs/sources_1/imports/hdl/debouncer.v:23]
	Parameter COUNT_MAX bound to: 19 - type: integer 
	Parameter COUNT_WIDTH bound to: 5 - type: integer 
INFO: [Synth 8-6155] done synthesizing module 'debouncer' (1#1) [C:/Users/dave9/Desktop/vivado_proj/Basys-3-Keyboard.srcs/sources_1/imports/hdl/debouncer.v:23]
INFO: [Synth 8-155] case statement is not full and has no default [C:/EE2026 lab/Project/Tetris_EE2026_/tetris.srcs/sources_1/imports/hdl/PS2Receiver.v:55]
INFO: [Synth 8-6155] done synthesizing module 'PS2Receiver' (2#1) [C:/EE2026 lab/Project/Tetris_EE2026_/tetris.srcs/sources_1/imports/hdl/PS2Receiver.v:23]
WARNING: [Synth 8-567] referenced signal 'keycodev' should be on the sensitivity list [C:/EE2026 lab/Project/Tetris_EE2026_/tetris.srcs/sources_1/new/top_keyboard.v:35]
INFO: [Synth 8-6157] synthesizing module 'bin2ascii' [C:/EE2026 lab/Project/Tetris_EE2026_/tetris.srcs/sources_1/imports/hdl/bin2ascii.v:23]
	Parameter NBYTES bound to: 2 - type: integer 
INFO: [Synth 8-6155] done synthesizing module 'bin2ascii' (3#1) [C:/EE2026 lab/Project/Tetris_EE2026_/tetris.srcs/sources_1/imports/hdl/bin2ascii.v:23]
INFO: [Synth 8-6157] synthesizing module 'uart_buf_con' [C:/EE2026 lab/Project/Tetris_EE2026_/tetris.srcs/sources_1/imports/hdl/uart_buf_con.v:23]
INFO: [Synth 8-6155] done synthesizing module 'uart_buf_con' (4#1) [C:/EE2026 lab/Project/Tetris_EE2026_/tetris.srcs/sources_1/imports/hdl/uart_buf_con.v:23]
INFO: [Synth 8-6157] synthesizing module 'uart_tx' [C:/EE2026 lab/Project/Tetris_EE2026_/tetris.srcs/sources_1/imports/hdl/uart_tx.v:23]
	Parameter CD_MAX bound to: 10416 - type: integer 
	Parameter CD_WIDTH bound to: 16 - type: integer 
INFO: [Synth 8-6155] done synthesizing module 'uart_tx' (5#1) [C:/EE2026 lab/Project/Tetris_EE2026_/tetris.srcs/sources_1/imports/hdl/uart_tx.v:23]
INFO: [Synth 8-6155] done synthesizing module 'top_keyboard' (6#1) [C:/EE2026 lab/Project/Tetris_EE2026_/tetris.srcs/sources_1/new/top_keyboard.v:3]
---------------------------------------------------------------------------------
Finished RTL Elaboration : Time (s): cpu = 00:00:02 ; elapsed = 00:00:03 . Memory (MB): peak = 410.902 ; gain = 154.379
---------------------------------------------------------------------------------

Report Check Netlist: 
+------+------------------+-------+---------+-------+------------------+
|      |Item              |Errors |Warnings |Status |Description       |
+------+------------------+-------+---------+-------+------------------+
|1     |multi_driven_nets |      0|        0|Passed |Multi driven nets |
+------+------------------+-------+---------+-------+------------------+
---------------------------------------------------------------------------------
Start Handling Custom Attributes
---------------------------------------------------------------------------------
---------------------------------------------------------------------------------
Finished Handling Custom Attributes : Time (s): cpu = 00:00:02 ; elapsed = 00:00:03 . Memory (MB): peak = 410.902 ; gain = 154.379
---------------------------------------------------------------------------------
---------------------------------------------------------------------------------
Finished RTL Optimization Phase 1 : Time (s): cpu = 00:00:02 ; elapsed = 00:00:03 . Memory (MB): peak = 410.902 ; gain = 154.379
---------------------------------------------------------------------------------
INFO: [Device 21-403] Loading part xc7a35tcpg236-1
INFO: [Project 1-570] Preparing netlist for logic optimization

Processing XDC Constraints
Initializing timing engine
Parsing XDC File [C:/EE2026 lab/Project/Tetris_EE2026_/tetris.srcs/constrs_1/new/Constraint.xdc]
WARNING: [Vivado 12-584] No ports matched 'sw[0]'. [C:/EE2026 lab/Project/Tetris_EE2026_/tetris.srcs/constrs_1/new/Constraint.xdc:12]
CRITICAL WARNING: [Common 17-55] 'set_property' expects at least one object. [C:/EE2026 lab/Project/Tetris_EE2026_/tetris.srcs/constrs_1/new/Constraint.xdc:12]
Resolution: If [get_<value>] was used to populate the object, check to make sure this command returns at least one valid object.
WARNING: [Vivado 12-584] No ports matched 'sw[0]'. [C:/EE2026 lab/Project/Tetris_EE2026_/tetris.srcs/constrs_1/new/Constraint.xdc:13]
CRITICAL WARNING: [Common 17-55] 'set_property' expects at least one object. [C:/EE2026 lab/Project/Tetris_EE2026_/tetris.srcs/constrs_1/new/Constraint.xdc:13]
Resolution: If [get_<value>] was used to populate the object, check to make sure this command returns at least one valid object.
WARNING: [Vivado 12-584] No ports matched 'sw[1]'. [C:/EE2026 lab/Project/Tetris_EE2026_/tetris.srcs/constrs_1/new/Constraint.xdc:14]
CRITICAL WARNING: [Common 17-55] 'set_property' expects at least one object. [C:/EE2026 lab/Project/Tetris_EE2026_/tetris.srcs/constrs_1/new/Constraint.xdc:14]
Resolution: If [get_<value>] was used to populate the object, check to make sure this command returns at least one valid object.
WARNING: [Vivado 12-584] No ports matched 'sw[1]'. [C:/EE2026 lab/Project/Tetris_EE2026_/tetris.srcs/constrs_1/new/Constraint.xdc:15]
CRITICAL WARNING: [Common 17-55] 'set_property' expects at least one object. [C:/EE2026 lab/Project/Tetris_EE2026_/tetris.srcs/constrs_1/new/Constraint.xdc:15]
Resolution: If [get_<value>] was used to populate the object, check to make sure this command returns at least one valid object.
WARNING: [Vivado 12-584] No ports matched 'sw[2]'. [C:/EE2026 lab/Project/Tetris_EE2026_/tetris.srcs/constrs_1/new/Constraint.xdc:16]
CRITICAL WARNING: [Common 17-55] 'set_property' expects at least one object. [C:/EE2026 lab/Project/Tetris_EE2026_/tetris.srcs/constrs_1/new/Constraint.xdc:16]
Resolution: If [get_<value>] was used to populate the object, check to make sure this command returns at least one valid object.
WARNING: [Vivado 12-584] No ports matched 'sw[2]'. [C:/EE2026 lab/Project/Tetris_EE2026_/tetris.srcs/constrs_1/new/Constraint.xdc:17]
CRITICAL WARNING: [Common 17-55] 'set_property' expects at least one object. [C:/EE2026 lab/Project/Tetris_EE2026_/tetris.srcs/constrs_1/new/Constraint.xdc:17]
Resolution: If [get_<value>] was used to populate the object, check to make sure this command returns at least one valid object.
WARNING: [Vivado 12-584] No ports matched 'sw[3]'. [C:/EE2026 lab/Project/Tetris_EE2026_/tetris.srcs/constrs_1/new/Constraint.xdc:18]
CRITICAL WARNING: [Common 17-55] 'set_property' expects at least one object. [C:/EE2026 lab/Project/Tetris_EE2026_/tetris.srcs/constrs_1/new/Constraint.xdc:18]
Resolution: If [get_<value>] was used to populate the object, check to make sure this command returns at least one valid object.
WARNING: [Vivado 12-584] No ports matched 'sw[3]'. [C:/EE2026 lab/Project/Tetris_EE2026_/tetris.srcs/constrs_1/new/Constraint.xdc:19]
CRITICAL WARNING: [Common 17-55] 'set_property' expects at least one object. [C:/EE2026 lab/Project/Tetris_EE2026_/tetris.srcs/constrs_1/new/Constraint.xdc:19]
Resolution: If [get_<value>] was used to populate the object, check to make sure this command returns at least one valid object.
WARNING: [Vivado 12-584] No ports matched 'sw[4]'. [C:/EE2026 lab/Project/Tetris_EE2026_/tetris.srcs/constrs_1/new/Constraint.xdc:20]
CRITICAL WARNING: [Common 17-55] 'set_property' expects at least one object. [C:/EE2026 lab/Project/Tetris_EE2026_/tetris.srcs/constrs_1/new/Constraint.xdc:20]
Resolution: If [get_<value>] was used to populate the object, check to make sure this command returns at least one valid object.
WARNING: [Vivado 12-584] No ports matched 'sw[4]'. [C:/EE2026 lab/Project/Tetris_EE2026_/tetris.srcs/constrs_1/new/Constraint.xdc:21]
CRITICAL WARNING: [Common 17-55] 'set_property' expects at least one object. [C:/EE2026 lab/Project/Tetris_EE2026_/tetris.srcs/constrs_1/new/Constraint.xdc:21]
Resolution: If [get_<value>] was used to populate the object, check to make sure this command returns at least one valid object.
WARNING: [Vivado 12-584] No ports matched 'sw[5]'. [C:/EE2026 lab/Project/Tetris_EE2026_/tetris.srcs/constrs_1/new/Constraint.xdc:22]
CRITICAL WARNING: [Common 17-55] 'set_property' expects at least one object. [C:/EE2026 lab/Project/Tetris_EE2026_/tetris.srcs/constrs_1/new/Constraint.xdc:22]
Resolution: If [get_<value>] was used to populate the object, check to make sure this command returns at least one valid object.
WARNING: [Vivado 12-584] No ports matched 'sw[5]'. [C:/EE2026 lab/Project/Tetris_EE2026_/tetris.srcs/constrs_1/new/Constraint.xdc:23]
CRITICAL WARNING: [Common 17-55] 'set_property' expects at least one object. [C:/EE2026 lab/Project/Tetris_EE2026_/tetris.srcs/constrs_1/new/Constraint.xdc:23]
Resolution: If [get_<value>] was used to populate the object, check to make sure this command returns at least one valid object.
WARNING: [Vivado 12-584] No ports matched 'sw[6]'. [C:/EE2026 lab/Project/Tetris_EE2026_/tetris.srcs/constrs_1/new/Constraint.xdc:24]
CRITICAL WARNING: [Common 17-55] 'set_property' expects at least one object. [C:/EE2026 lab/Project/Tetris_EE2026_/tetris.srcs/constrs_1/new/Constraint.xdc:24]
Resolution: If [get_<value>] was used to populate the object, check to make sure this command returns at least one valid object.
WARNING: [Vivado 12-584] No ports matched 'sw[6]'. [C:/EE2026 lab/Project/Tetris_EE2026_/tetris.srcs/constrs_1/new/Constraint.xdc:25]
CRITICAL WARNING: [Common 17-55] 'set_property' expects at least one object. [C:/EE2026 lab/Project/Tetris_EE2026_/tetris.srcs/constrs_1/new/Constraint.xdc:25]
Resolution: If [get_<value>] was used to populate the object, check to make sure this command returns at least one valid object.
WARNING: [Vivado 12-584] No ports matched 'sw[7]'. [C:/EE2026 lab/Project/Tetris_EE2026_/tetris.srcs/constrs_1/new/Constraint.xdc:26]
CRITICAL WARNING: [Common 17-55] 'set_property' expects at least one object. [C:/EE2026 lab/Project/Tetris_EE2026_/tetris.srcs/constrs_1/new/Constraint.xdc:26]
Resolution: If [get_<value>] was used to populate the object, check to make sure this command returns at least one valid object.
WARNING: [Vivado 12-584] No ports matched 'sw[7]'. [C:/EE2026 lab/Project/Tetris_EE2026_/tetris.srcs/constrs_1/new/Constraint.xdc:27]
CRITICAL WARNING: [Common 17-55] 'set_property' expects at least one object. [C:/EE2026 lab/Project/Tetris_EE2026_/tetris.srcs/constrs_1/new/Constraint.xdc:27]
Resolution: If [get_<value>] was used to populate the object, check to make sure this command returns at least one valid object.
WARNING: [Vivado 12-584] No ports matched 'sw[8]'. [C:/EE2026 lab/Project/Tetris_EE2026_/tetris.srcs/constrs_1/new/Constraint.xdc:28]
CRITICAL WARNING: [Common 17-55] 'set_property' expects at least one object. [C:/EE2026 lab/Project/Tetris_EE2026_/tetris.srcs/constrs_1/new/Constraint.xdc:28]
Resolution: If [get_<value>] was used to populate the object, check to make sure this command returns at least one valid object.
WARNING: [Vivado 12-584] No ports matched 'sw[8]'. [C:/EE2026 lab/Project/Tetris_EE2026_/tetris.srcs/constrs_1/new/Constraint.xdc:29]
CRITICAL WARNING: [Common 17-55] 'set_property' expects at least one object. [C:/EE2026 lab/Project/Tetris_EE2026_/tetris.srcs/constrs_1/new/Constraint.xdc:29]
Resolution: If [get_<value>] was used to populate the object, check to make sure this command returns at least one valid object.
WARNING: [Vivado 12-584] No ports matched 'sw[9]'. [C:/EE2026 lab/Project/Tetris_EE2026_/tetris.srcs/constrs_1/new/Constraint.xdc:30]
CRITICAL WARNING: [Common 17-55] 'set_property' expects at least one object. [C:/EE2026 lab/Project/Tetris_EE2026_/tetris.srcs/constrs_1/new/Constraint.xdc:30]
Resolution: If [get_<value>] was used to populate the object, check to make sure this command returns at least one valid object.
WARNING: [Vivado 12-584] No ports matched 'sw[9]'. [C:/EE2026 lab/Project/Tetris_EE2026_/tetris.srcs/constrs_1/new/Constraint.xdc:31]
CRITICAL WARNING: [Common 17-55] 'set_property' expects at least one object. [C:/EE2026 lab/Project/Tetris_EE2026_/tetris.srcs/constrs_1/new/Constraint.xdc:31]
Resolution: If [get_<value>] was used to populate the object, check to make sure this command returns at least one valid object.
WARNING: [Vivado 12-584] No ports matched 'sw[10]'. [C:/EE2026 lab/Project/Tetris_EE2026_/tetris.srcs/constrs_1/new/Constraint.xdc:32]
CRITICAL WARNING: [Common 17-55] 'set_property' expects at least one object. [C:/EE2026 lab/Project/Tetris_EE2026_/tetris.srcs/constrs_1/new/Constraint.xdc:32]
Resolution: If [get_<value>] was used to populate the object, check to make sure this command returns at least one valid object.
WARNING: [Vivado 12-584] No ports matched 'sw[10]'. [C:/EE2026 lab/Project/Tetris_EE2026_/tetris.srcs/constrs_1/new/Constraint.xdc:33]
CRITICAL WARNING: [Common 17-55] 'set_property' expects at least one object. [C:/EE2026 lab/Project/Tetris_EE2026_/tetris.srcs/constrs_1/new/Constraint.xdc:33]
Resolution: If [get_<value>] was used to populate the object, check to make sure this command returns at least one valid object.
WARNING: [Vivado 12-584] No ports matched 'sw[11]'. [C:/EE2026 lab/Project/Tetris_EE2026_/tetris.srcs/constrs_1/new/Constraint.xdc:34]
CRITICAL WARNING: [Common 17-55] 'set_property' expects at least one object. [C:/EE2026 lab/Project/Tetris_EE2026_/tetris.srcs/constrs_1/new/Constraint.xdc:34]
Resolution: If [get_<value>] was used to populate the object, check to make sure this command returns at least one valid object.
WARNING: [Vivado 12-584] No ports matched 'sw[11]'. [C:/EE2026 lab/Project/Tetris_EE2026_/tetris.srcs/constrs_1/new/Constraint.xdc:35]
CRITICAL WARNING: [Common 17-55] 'set_property' expects at least one object. [C:/EE2026 lab/Project/Tetris_EE2026_/tetris.srcs/constrs_1/new/Constraint.xdc:35]
Resolution: If [get_<value>] was used to populate the object, check to make sure this command returns at least one valid object.
WARNING: [Vivado 12-584] No ports matched 'sw[12]'. [C:/EE2026 lab/Project/Tetris_EE2026_/tetris.srcs/constrs_1/new/Constraint.xdc:36]
CRITICAL WARNING: [Common 17-55] 'set_property' expects at least one object. [C:/EE2026 lab/Project/Tetris_EE2026_/tetris.srcs/constrs_1/new/Constraint.xdc:36]
Resolution: If [get_<value>] was used to populate the object, check to make sure this command returns at least one valid object.
WARNING: [Vivado 12-584] No ports matched 'sw[12]'. [C:/EE2026 lab/Project/Tetris_EE2026_/tetris.srcs/constrs_1/new/Constraint.xdc:37]
CRITICAL WARNING: [Common 17-55] 'set_property' expects at least one object. [C:/EE2026 lab/Project/Tetris_EE2026_/tetris.srcs/constrs_1/new/Constraint.xdc:37]
Resolution: If [get_<value>] was used to populate the object, check to make sure this command returns at least one valid object.
WARNING: [Vivado 12-584] No ports matched 'sw[13]'. [C:/EE2026 lab/Project/Tetris_EE2026_/tetris.srcs/constrs_1/new/Constraint.xdc:38]
CRITICAL WARNING: [Common 17-55] 'set_property' expects at least one object. [C:/EE2026 lab/Project/Tetris_EE2026_/tetris.srcs/constrs_1/new/Constraint.xdc:38]
Resolution: If [get_<value>] was used to populate the object, check to make sure this command returns at least one valid object.
WARNING: [Vivado 12-584] No ports matched 'sw[13]'. [C:/EE2026 lab/Project/Tetris_EE2026_/tetris.srcs/constrs_1/new/Constraint.xdc:39]
CRITICAL WARNING: [Common 17-55] 'set_property' expects at least one object. [C:/EE2026 lab/Project/Tetris_EE2026_/tetris.srcs/constrs_1/new/Constraint.xdc:39]
Resolution: If [get_<value>] was used to populate the object, check to make sure this command returns at least one valid object.
WARNING: [Vivado 12-584] No ports matched 'sw[14]'. [C:/EE2026 lab/Project/Tetris_EE2026_/tetris.srcs/constrs_1/new/Constraint.xdc:40]
CRITICAL WARNING: [Common 17-55] 'set_property' expects at least one object. [C:/EE2026 lab/Project/Tetris_EE2026_/tetris.srcs/constrs_1/new/Constraint.xdc:40]
Resolution: If [get_<value>] was used to populate the object, check to make sure this command returns at least one valid object.
WARNING: [Vivado 12-584] No ports matched 'sw[14]'. [C:/EE2026 lab/Project/Tetris_EE2026_/tetris.srcs/constrs_1/new/Constraint.xdc:41]
CRITICAL WARNING: [Common 17-55] 'set_property' expects at least one object. [C:/EE2026 lab/Project/Tetris_EE2026_/tetris.srcs/constrs_1/new/Constraint.xdc:41]
Resolution: If [get_<value>] was used to populate the object, check to make sure this command returns at least one valid object.
WARNING: [Vivado 12-584] No ports matched 'sw[15]'. [C:/EE2026 lab/Project/Tetris_EE2026_/tetris.srcs/constrs_1/new/Constraint.xdc:42]
CRITICAL WARNING: [Common 17-55] 'set_property' expects at least one object. [C:/EE2026 lab/Project/Tetris_EE2026_/tetris.srcs/constrs_1/new/Constraint.xdc:42]
Resolution: If [get_<value>] was used to populate the object, check to make sure this command returns at least one valid object.
WARNING: [Vivado 12-584] No ports matched 'sw[15]'. [C:/EE2026 lab/Project/Tetris_EE2026_/tetris.srcs/constrs_1/new/Constraint.xdc:43]
CRITICAL WARNING: [Common 17-55] 'set_property' expects at least one object. [C:/EE2026 lab/Project/Tetris_EE2026_/tetris.srcs/constrs_1/new/Constraint.xdc:43]
Resolution: If [get_<value>] was used to populate the object, check to make sure this command returns at least one valid object.
WARNING: [Vivado 12-584] No ports matched 'led[0]'. [C:/EE2026 lab/Project/Tetris_EE2026_/tetris.srcs/constrs_1/new/Constraint.xdc:47]
CRITICAL WARNING: [Common 17-55] 'set_property' expects at least one object. [C:/EE2026 lab/Project/Tetris_EE2026_/tetris.srcs/constrs_1/new/Constraint.xdc:47]
Resolution: If [get_<value>] was used to populate the object, check to make sure this command returns at least one valid object.
WARNING: [Vivado 12-584] No ports matched 'led[0]'. [C:/EE2026 lab/Project/Tetris_EE2026_/tetris.srcs/constrs_1/new/Constraint.xdc:48]
CRITICAL WARNING: [Common 17-55] 'set_property' expects at least one object. [C:/EE2026 lab/Project/Tetris_EE2026_/tetris.srcs/constrs_1/new/Constraint.xdc:48]
Resolution: If [get_<value>] was used to populate the object, check to make sure this command returns at least one valid object.
WARNING: [Vivado 12-584] No ports matched 'led[1]'. [C:/EE2026 lab/Project/Tetris_EE2026_/tetris.srcs/constrs_1/new/Constraint.xdc:49]
CRITICAL WARNING: [Common 17-55] 'set_property' expects at least one object. [C:/EE2026 lab/Project/Tetris_EE2026_/tetris.srcs/constrs_1/new/Constraint.xdc:49]
Resolution: If [get_<value>] was used to populate the object, check to make sure this command returns at least one valid object.
WARNING: [Vivado 12-584] No ports matched 'led[1]'. [C:/EE2026 lab/Project/Tetris_EE2026_/tetris.srcs/constrs_1/new/Constraint.xdc:50]
CRITICAL WARNING: [Common 17-55] 'set_property' expects at least one object. [C:/EE2026 lab/Project/Tetris_EE2026_/tetris.srcs/constrs_1/new/Constraint.xdc:50]
Resolution: If [get_<value>] was used to populate the object, check to make sure this command returns at least one valid object.
WARNING: [Vivado 12-584] No ports matched 'led[2]'. [C:/EE2026 lab/Project/Tetris_EE2026_/tetris.srcs/constrs_1/new/Constraint.xdc:51]
CRITICAL WARNING: [Common 17-55] 'set_property' expects at least one object. [C:/EE2026 lab/Project/Tetris_EE2026_/tetris.srcs/constrs_1/new/Constraint.xdc:51]
Resolution: If [get_<value>] was used to populate the object, check to make sure this command returns at least one valid object.
WARNING: [Vivado 12-584] No ports matched 'led[2]'. [C:/EE2026 lab/Project/Tetris_EE2026_/tetris.srcs/constrs_1/new/Constraint.xdc:52]
CRITICAL WARNING: [Common 17-55] 'set_property' expects at least one object. [C:/EE2026 lab/Project/Tetris_EE2026_/tetris.srcs/constrs_1/new/Constraint.xdc:52]
Resolution: If [get_<value>] was used to populate the object, check to make sure this command returns at least one valid object.
WARNING: [Vivado 12-584] No ports matched 'led[3]'. [C:/EE2026 lab/Project/Tetris_EE2026_/tetris.srcs/constrs_1/new/Constraint.xdc:53]
CRITICAL WARNING: [Common 17-55] 'set_property' expects at least one object. [C:/EE2026 lab/Project/Tetris_EE2026_/tetris.srcs/constrs_1/new/Constraint.xdc:53]
Resolution: If [get_<value>] was used to populate the object, check to make sure this command returns at least one valid object.
WARNING: [Vivado 12-584] No ports matched 'led[3]'. [C:/EE2026 lab/Project/Tetris_EE2026_/tetris.srcs/constrs_1/new/Constraint.xdc:54]
CRITICAL WARNING: [Common 17-55] 'set_property' expects at least one object. [C:/EE2026 lab/Project/Tetris_EE2026_/tetris.srcs/constrs_1/new/Constraint.xdc:54]
Resolution: If [get_<value>] was used to populate the object, check to make sure this command returns at least one valid object.
WARNING: [Vivado 12-584] No ports matched 'led[4]'. [C:/EE2026 lab/Project/Tetris_EE2026_/tetris.srcs/constrs_1/new/Constraint.xdc:55]
CRITICAL WARNING: [Common 17-55] 'set_property' expects at least one object. [C:/EE2026 lab/Project/Tetris_EE2026_/tetris.srcs/constrs_1/new/Constraint.xdc:55]
Resolution: If [get_<value>] was used to populate the object, check to make sure this command returns at least one valid object.
WARNING: [Vivado 12-584] No ports matched 'led[4]'. [C:/EE2026 lab/Project/Tetris_EE2026_/tetris.srcs/constrs_1/new/Constraint.xdc:56]
CRITICAL WARNING: [Common 17-55] 'set_property' expects at least one object. [C:/EE2026 lab/Project/Tetris_EE2026_/tetris.srcs/constrs_1/new/Constraint.xdc:56]
Resolution: If [get_<value>] was used to populate the object, check to make sure this command returns at least one valid object.
WARNING: [Vivado 12-584] No ports matched 'led[5]'. [C:/EE2026 lab/Project/Tetris_EE2026_/tetris.srcs/constrs_1/new/Constraint.xdc:57]
CRITICAL WARNING: [Common 17-55] 'set_property' expects at least one object. [C:/EE2026 lab/Project/Tetris_EE2026_/tetris.srcs/constrs_1/new/Constraint.xdc:57]
Resolution: If [get_<value>] was used to populate the object, check to make sure this command returns at least one valid object.
WARNING: [Vivado 12-584] No ports matched 'led[5]'. [C:/EE2026 lab/Project/Tetris_EE2026_/tetris.srcs/constrs_1/new/Constraint.xdc:58]
CRITICAL WARNING: [Common 17-55] 'set_property' expects at least one object. [C:/EE2026 lab/Project/Tetris_EE2026_/tetris.srcs/constrs_1/new/Constraint.xdc:58]
Resolution: If [get_<value>] was used to populate the object, check to make sure this command returns at least one valid object.
WARNING: [Vivado 12-584] No ports matched 'led[6]'. [C:/EE2026 lab/Project/Tetris_EE2026_/tetris.srcs/constrs_1/new/Constraint.xdc:59]
CRITICAL WARNING: [Common 17-55] 'set_property' expects at least one object. [C:/EE2026 lab/Project/Tetris_EE2026_/tetris.srcs/constrs_1/new/Constraint.xdc:59]
Resolution: If [get_<value>] was used to populate the object, check to make sure this command returns at least one valid object.
WARNING: [Vivado 12-584] No ports matched 'led[6]'. [C:/EE2026 lab/Project/Tetris_EE2026_/tetris.srcs/constrs_1/new/Constraint.xdc:60]
CRITICAL WARNING: [Common 17-55] 'set_property' expects at least one object. [C:/EE2026 lab/Project/Tetris_EE2026_/tetris.srcs/constrs_1/new/Constraint.xdc:60]
Resolution: If [get_<value>] was used to populate the object, check to make sure this command returns at least one valid object.
WARNING: [Vivado 12-584] No ports matched 'led[7]'. [C:/EE2026 lab/Project/Tetris_EE2026_/tetris.srcs/constrs_1/new/Constraint.xdc:61]
CRITICAL WARNING: [Common 17-55] 'set_property' expects at least one object. [C:/EE2026 lab/Project/Tetris_EE2026_/tetris.srcs/constrs_1/new/Constraint.xdc:61]
Resolution: If [get_<value>] was used to populate the object, check to make sure this command returns at least one valid object.
WARNING: [Vivado 12-584] No ports matched 'led[7]'. [C:/EE2026 lab/Project/Tetris_EE2026_/tetris.srcs/constrs_1/new/Constraint.xdc:62]
CRITICAL WARNING: [Common 17-55] 'set_property' expects at least one object. [C:/EE2026 lab/Project/Tetris_EE2026_/tetris.srcs/constrs_1/new/Constraint.xdc:62]
Resolution: If [get_<value>] was used to populate the object, check to make sure this command returns at least one valid object.
WARNING: [Vivado 12-584] No ports matched 'led[8]'. [C:/EE2026 lab/Project/Tetris_EE2026_/tetris.srcs/constrs_1/new/Constraint.xdc:63]
CRITICAL WARNING: [Common 17-55] 'set_property' expects at least one object. [C:/EE2026 lab/Project/Tetris_EE2026_/tetris.srcs/constrs_1/new/Constraint.xdc:63]
Resolution: If [get_<value>] was used to populate the object, check to make sure this command returns at least one valid object.
WARNING: [Vivado 12-584] No ports matched 'led[8]'. [C:/EE2026 lab/Project/Tetris_EE2026_/tetris.srcs/constrs_1/new/Constraint.xdc:64]
CRITICAL WARNING: [Common 17-55] 'set_property' expects at least one object. [C:/EE2026 lab/Project/Tetris_EE2026_/tetris.srcs/constrs_1/new/Constraint.xdc:64]
Resolution: If [get_<value>] was used to populate the object, check to make sure this command returns at least one valid object.
WARNING: [Vivado 12-584] No ports matched 'led[9]'. [C:/EE2026 lab/Project/Tetris_EE2026_/tetris.srcs/constrs_1/new/Constraint.xdc:65]
CRITICAL WARNING: [Common 17-55] 'set_property' expects at least one object. [C:/EE2026 lab/Project/Tetris_EE2026_/tetris.srcs/constrs_1/new/Constraint.xdc:65]
Resolution: If [get_<value>] was used to populate the object, check to make sure this command returns at least one valid object.
WARNING: [Vivado 12-584] No ports matched 'led[9]'. [C:/EE2026 lab/Project/Tetris_EE2026_/tetris.srcs/constrs_1/new/Constraint.xdc:66]
CRITICAL WARNING: [Common 17-55] 'set_property' expects at least one object. [C:/EE2026 lab/Project/Tetris_EE2026_/tetris.srcs/constrs_1/new/Constraint.xdc:66]
Resolution: If [get_<value>] was used to populate the object, check to make sure this command returns at least one valid object.
WARNING: [Vivado 12-584] No ports matched 'led[10]'. [C:/EE2026 lab/Project/Tetris_EE2026_/tetris.srcs/constrs_1/new/Constraint.xdc:67]
CRITICAL WARNING: [Common 17-55] 'set_property' expects at least one object. [C:/EE2026 lab/Project/Tetris_EE2026_/tetris.srcs/constrs_1/new/Constraint.xdc:67]
Resolution: If [get_<value>] was used to populate the object, check to make sure this command returns at least one valid object.
WARNING: [Vivado 12-584] No ports matched 'led[10]'. [C:/EE2026 lab/Project/Tetris_EE2026_/tetris.srcs/constrs_1/new/Constraint.xdc:68]
CRITICAL WARNING: [Common 17-55] 'set_property' expects at least one object. [C:/EE2026 lab/Project/Tetris_EE2026_/tetris.srcs/constrs_1/new/Constraint.xdc:68]
Resolution: If [get_<value>] was used to populate the object, check to make sure this command returns at least one valid object.
WARNING: [Vivado 12-584] No ports matched 'led[11]'. [C:/EE2026 lab/Project/Tetris_EE2026_/tetris.srcs/constrs_1/new/Constraint.xdc:69]
CRITICAL WARNING: [Common 17-55] 'set_property' expects at least one object. [C:/EE2026 lab/Project/Tetris_EE2026_/tetris.srcs/constrs_1/new/Constraint.xdc:69]
Resolution: If [get_<value>] was used to populate the object, check to make sure this command returns at least one valid object.
WARNING: [Vivado 12-584] No ports matched 'led[11]'. [C:/EE2026 lab/Project/Tetris_EE2026_/tetris.srcs/constrs_1/new/Constraint.xdc:70]
CRITICAL WARNING: [Common 17-55] 'set_property' expects at least one object. [C:/EE2026 lab/Project/Tetris_EE2026_/tetris.srcs/constrs_1/new/Constraint.xdc:70]
Resolution: If [get_<value>] was used to populate the object, check to make sure this command returns at least one valid object.
WARNING: [Vivado 12-584] No ports matched 'led[12]'. [C:/EE2026 lab/Project/Tetris_EE2026_/tetris.srcs/constrs_1/new/Constraint.xdc:71]
CRITICAL WARNING: [Common 17-55] 'set_property' expects at least one object. [C:/EE2026 lab/Project/Tetris_EE2026_/tetris.srcs/constrs_1/new/Constraint.xdc:71]
Resolution: If [get_<value>] was used to populate the object, check to make sure this command returns at least one valid object.
WARNING: [Vivado 12-584] No ports matched 'led[12]'. [C:/EE2026 lab/Project/Tetris_EE2026_/tetris.srcs/constrs_1/new/Constraint.xdc:72]
CRITICAL WARNING: [Common 17-55] 'set_property' expects at least one object. [C:/EE2026 lab/Project/Tetris_EE2026_/tetris.srcs/constrs_1/new/Constraint.xdc:72]
Resolution: If [get_<value>] was used to populate the object, check to make sure this command returns at least one valid object.
WARNING: [Vivado 12-584] No ports matched 'led[13]'. [C:/EE2026 lab/Project/Tetris_EE2026_/tetris.srcs/constrs_1/new/Constraint.xdc:73]
CRITICAL WARNING: [Common 17-55] 'set_property' expects at least one object. [C:/EE2026 lab/Project/Tetris_EE2026_/tetris.srcs/constrs_1/new/Constraint.xdc:73]
Resolution: If [get_<value>] was used to populate the object, check to make sure this command returns at least one valid object.
WARNING: [Vivado 12-584] No ports matched 'led[13]'. [C:/EE2026 lab/Project/Tetris_EE2026_/tetris.srcs/constrs_1/new/Constraint.xdc:74]
CRITICAL WARNING: [Common 17-55] 'set_property' expects at least one object. [C:/EE2026 lab/Project/Tetris_EE2026_/tetris.srcs/constrs_1/new/Constraint.xdc:74]
Resolution: If [get_<value>] was used to populate the object, check to make sure this command returns at least one valid object.
WARNING: [Vivado 12-584] No ports matched 'led[14]'. [C:/EE2026 lab/Project/Tetris_EE2026_/tetris.srcs/constrs_1/new/Constraint.xdc:75]
CRITICAL WARNING: [Common 17-55] 'set_property' expects at least one object. [C:/EE2026 lab/Project/Tetris_EE2026_/tetris.srcs/constrs_1/new/Constraint.xdc:75]
Resolution: If [get_<value>] was used to populate the object, check to make sure this command returns at least one valid object.
WARNING: [Vivado 12-584] No ports matched 'led[14]'. [C:/EE2026 lab/Project/Tetris_EE2026_/tetris.srcs/constrs_1/new/Constraint.xdc:76]
CRITICAL WARNING: [Common 17-55] 'set_property' expects at least one object. [C:/EE2026 lab/Project/Tetris_EE2026_/tetris.srcs/constrs_1/new/Constraint.xdc:76]
Resolution: If [get_<value>] was used to populate the object, check to make sure this command returns at least one valid object.
WARNING: [Vivado 12-584] No ports matched 'led[15]'. [C:/EE2026 lab/Project/Tetris_EE2026_/tetris.srcs/constrs_1/new/Constraint.xdc:77]
CRITICAL WARNING: [Common 17-55] 'set_property' expects at least one object. [C:/EE2026 lab/Project/Tetris_EE2026_/tetris.srcs/constrs_1/new/Constraint.xdc:77]
Resolution: If [get_<value>] was used to populate the object, check to make sure this command returns at least one valid object.
WARNING: [Vivado 12-584] No ports matched 'led[15]'. [C:/EE2026 lab/Project/Tetris_EE2026_/tetris.srcs/constrs_1/new/Constraint.xdc:78]
CRITICAL WARNING: [Common 17-55] 'set_property' expects at least one object. [C:/EE2026 lab/Project/Tetris_EE2026_/tetris.srcs/constrs_1/new/Constraint.xdc:78]
Resolution: If [get_<value>] was used to populate the object, check to make sure this command returns at least one valid object.
WARNING: [Vivado 12-584] No ports matched 'seg[0]'. [C:/EE2026 lab/Project/Tetris_EE2026_/tetris.srcs/constrs_1/new/Constraint.xdc:82]
CRITICAL WARNING: [Common 17-55] 'set_property' expects at least one object. [C:/EE2026 lab/Project/Tetris_EE2026_/tetris.srcs/constrs_1/new/Constraint.xdc:82]
Resolution: If [get_<value>] was used to populate the object, check to make sure this command returns at least one valid object.
WARNING: [Vivado 12-584] No ports matched 'seg[0]'. [C:/EE2026 lab/Project/Tetris_EE2026_/tetris.srcs/constrs_1/new/Constraint.xdc:83]
CRITICAL WARNING: [Common 17-55] 'set_property' expects at least one object. [C:/EE2026 lab/Project/Tetris_EE2026_/tetris.srcs/constrs_1/new/Constraint.xdc:83]
Resolution: If [get_<value>] was used to populate the object, check to make sure this command returns at least one valid object.
WARNING: [Vivado 12-584] No ports matched 'seg[1]'. [C:/EE2026 lab/Project/Tetris_EE2026_/tetris.srcs/constrs_1/new/Constraint.xdc:84]
CRITICAL WARNING: [Common 17-55] 'set_property' expects at least one object. [C:/EE2026 lab/Project/Tetris_EE2026_/tetris.srcs/constrs_1/new/Constraint.xdc:84]
Resolution: If [get_<value>] was used to populate the object, check to make sure this command returns at least one valid object.
WARNING: [Vivado 12-584] No ports matched 'seg[1]'. [C:/EE2026 lab/Project/Tetris_EE2026_/tetris.srcs/constrs_1/new/Constraint.xdc:85]
CRITICAL WARNING: [Common 17-55] 'set_property' expects at least one object. [C:/EE2026 lab/Project/Tetris_EE2026_/tetris.srcs/constrs_1/new/Constraint.xdc:85]
Resolution: If [get_<value>] was used to populate the object, check to make sure this command returns at least one valid object.
WARNING: [Vivado 12-584] No ports matched 'seg[2]'. [C:/EE2026 lab/Project/Tetris_EE2026_/tetris.srcs/constrs_1/new/Constraint.xdc:86]
CRITICAL WARNING: [Common 17-55] 'set_property' expects at least one object. [C:/EE2026 lab/Project/Tetris_EE2026_/tetris.srcs/constrs_1/new/Constraint.xdc:86]
Resolution: If [get_<value>] was used to populate the object, check to make sure this command returns at least one valid object.
WARNING: [Vivado 12-584] No ports matched 'seg[2]'. [C:/EE2026 lab/Project/Tetris_EE2026_/tetris.srcs/constrs_1/new/Constraint.xdc:87]
CRITICAL WARNING: [Common 17-55] 'set_property' expects at least one object. [C:/EE2026 lab/Project/Tetris_EE2026_/tetris.srcs/constrs_1/new/Constraint.xdc:87]
Resolution: If [get_<value>] was used to populate the object, check to make sure this command returns at least one valid object.
WARNING: [Vivado 12-584] No ports matched 'seg[3]'. [C:/EE2026 lab/Project/Tetris_EE2026_/tetris.srcs/constrs_1/new/Constraint.xdc:88]
CRITICAL WARNING: [Common 17-55] 'set_property' expects at least one object. [C:/EE2026 lab/Project/Tetris_EE2026_/tetris.srcs/constrs_1/new/Constraint.xdc:88]
Resolution: If [get_<value>] was used to populate the object, check to make sure this command returns at least one valid object.
WARNING: [Vivado 12-584] No ports matched 'seg[3]'. [C:/EE2026 lab/Project/Tetris_EE2026_/tetris.srcs/constrs_1/new/Constraint.xdc:89]
CRITICAL WARNING: [Common 17-55] 'set_property' expects at least one object. [C:/EE2026 lab/Project/Tetris_EE2026_/tetris.srcs/constrs_1/new/Constraint.xdc:89]
Resolution: If [get_<value>] was used to populate the object, check to make sure this command returns at least one valid object.
WARNING: [Vivado 12-584] No ports matched 'seg[4]'. [C:/EE2026 lab/Project/Tetris_EE2026_/tetris.srcs/constrs_1/new/Constraint.xdc:90]
CRITICAL WARNING: [Common 17-55] 'set_property' expects at least one object. [C:/EE2026 lab/Project/Tetris_EE2026_/tetris.srcs/constrs_1/new/Constraint.xdc:90]
Resolution: If [get_<value>] was used to populate the object, check to make sure this command returns at least one valid object.
WARNING: [Vivado 12-584] No ports matched 'seg[4]'. [C:/EE2026 lab/Project/Tetris_EE2026_/tetris.srcs/constrs_1/new/Constraint.xdc:91]
CRITICAL WARNING: [Common 17-55] 'set_property' expects at least one object. [C:/EE2026 lab/Project/Tetris_EE2026_/tetris.srcs/constrs_1/new/Constraint.xdc:91]
Resolution: If [get_<value>] was used to populate the object, check to make sure this command returns at least one valid object.
WARNING: [Vivado 12-584] No ports matched 'seg[5]'. [C:/EE2026 lab/Project/Tetris_EE2026_/tetris.srcs/constrs_1/new/Constraint.xdc:92]
CRITICAL WARNING: [Common 17-55] 'set_property' expects at least one object. [C:/EE2026 lab/Project/Tetris_EE2026_/tetris.srcs/constrs_1/new/Constraint.xdc:92]
Resolution: If [get_<value>] was used to populate the object, check to make sure this command returns at least one valid object.
WARNING: [Vivado 12-584] No ports matched 'seg[5]'. [C:/EE2026 lab/Project/Tetris_EE2026_/tetris.srcs/constrs_1/new/Constraint.xdc:93]
CRITICAL WARNING: [Common 17-55] 'set_property' expects at least one object. [C:/EE2026 lab/Project/Tetris_EE2026_/tetris.srcs/constrs_1/new/Constraint.xdc:93]
Resolution: If [get_<value>] was used to populate the object, check to make sure this command returns at least one valid object.
WARNING: [Vivado 12-584] No ports matched 'seg[6]'. [C:/EE2026 lab/Project/Tetris_EE2026_/tetris.srcs/constrs_1/new/Constraint.xdc:94]
CRITICAL WARNING: [Common 17-55] 'set_property' expects at least one object. [C:/EE2026 lab/Project/Tetris_EE2026_/tetris.srcs/constrs_1/new/Constraint.xdc:94]
Resolution: If [get_<value>] was used to populate the object, check to make sure this command returns at least one valid object.
WARNING: [Vivado 12-584] No ports matched 'seg[6]'. [C:/EE2026 lab/Project/Tetris_EE2026_/tetris.srcs/constrs_1/new/Constraint.xdc:95]
CRITICAL WARNING: [Common 17-55] 'set_property' expects at least one object. [C:/EE2026 lab/Project/Tetris_EE2026_/tetris.srcs/constrs_1/new/Constraint.xdc:95]
Resolution: If [get_<value>] was used to populate the object, check to make sure this command returns at least one valid object.
WARNING: [Vivado 12-584] No ports matched 'dp'. [C:/EE2026 lab/Project/Tetris_EE2026_/tetris.srcs/constrs_1/new/Constraint.xdc:97]
CRITICAL WARNING: [Common 17-55] 'set_property' expects at least one object. [C:/EE2026 lab/Project/Tetris_EE2026_/tetris.srcs/constrs_1/new/Constraint.xdc:97]
Resolution: If [get_<value>] was used to populate the object, check to make sure this command returns at least one valid object.
WARNING: [Vivado 12-584] No ports matched 'dp'. [C:/EE2026 lab/Project/Tetris_EE2026_/tetris.srcs/constrs_1/new/Constraint.xdc:98]
CRITICAL WARNING: [Common 17-55] 'set_property' expects at least one object. [C:/EE2026 lab/Project/Tetris_EE2026_/tetris.srcs/constrs_1/new/Constraint.xdc:98]
Resolution: If [get_<value>] was used to populate the object, check to make sure this command returns at least one valid object.
WARNING: [Vivado 12-584] No ports matched 'an[0]'. [C:/EE2026 lab/Project/Tetris_EE2026_/tetris.srcs/constrs_1/new/Constraint.xdc:100]
CRITICAL WARNING: [Common 17-55] 'set_property' expects at least one object. [C:/EE2026 lab/Project/Tetris_EE2026_/tetris.srcs/constrs_1/new/Constraint.xdc:100]
Resolution: If [get_<value>] was used to populate the object, check to make sure this command returns at least one valid object.
WARNING: [Vivado 12-584] No ports matched 'an[0]'. [C:/EE2026 lab/Project/Tetris_EE2026_/tetris.srcs/constrs_1/new/Constraint.xdc:101]
CRITICAL WARNING: [Common 17-55] 'set_property' expects at least one object. [C:/EE2026 lab/Project/Tetris_EE2026_/tetris.srcs/constrs_1/new/Constraint.xdc:101]
Resolution: If [get_<value>] was used to populate the object, check to make sure this command returns at least one valid object.
WARNING: [Vivado 12-584] No ports matched 'an[1]'. [C:/EE2026 lab/Project/Tetris_EE2026_/tetris.srcs/constrs_1/new/Constraint.xdc:102]
CRITICAL WARNING: [Common 17-55] 'set_property' expects at least one object. [C:/EE2026 lab/Project/Tetris_EE2026_/tetris.srcs/constrs_1/new/Constraint.xdc:102]
Resolution: If [get_<value>] was used to populate the object, check to make sure this command returns at least one valid object.
WARNING: [Vivado 12-584] No ports matched 'an[1]'. [C:/EE2026 lab/Project/Tetris_EE2026_/tetris.srcs/constrs_1/new/Constraint.xdc:103]
CRITICAL WARNING: [Common 17-55] 'set_property' expects at least one object. [C:/EE2026 lab/Project/Tetris_EE2026_/tetris.srcs/constrs_1/new/Constraint.xdc:103]
Resolution: If [get_<value>] was used to populate the object, check to make sure this command returns at least one valid object.
WARNING: [Vivado 12-584] No ports matched 'an[2]'. [C:/EE2026 lab/Project/Tetris_EE2026_/tetris.srcs/constrs_1/new/Constraint.xdc:104]
CRITICAL WARNING: [Common 17-55] 'set_property' expects at least one object. [C:/EE2026 lab/Project/Tetris_EE2026_/tetris.srcs/constrs_1/new/Constraint.xdc:104]
Resolution: If [get_<value>] was used to populate the object, check to make sure this command returns at least one valid object.
WARNING: [Vivado 12-584] No ports matched 'an[2]'. [C:/EE2026 lab/Project/Tetris_EE2026_/tetris.srcs/constrs_1/new/Constraint.xdc:105]
CRITICAL WARNING: [Common 17-55] 'set_property' expects at least one object. [C:/EE2026 lab/Project/Tetris_EE2026_/tetris.srcs/constrs_1/new/Constraint.xdc:105]
Resolution: If [get_<value>] was used to populate the object, check to make sure this command returns at least one valid object.
WARNING: [Vivado 12-584] No ports matched 'an[3]'. [C:/EE2026 lab/Project/Tetris_EE2026_/tetris.srcs/constrs_1/new/Constraint.xdc:106]
CRITICAL WARNING: [Common 17-55] 'set_property' expects at least one object. [C:/EE2026 lab/Project/Tetris_EE2026_/tetris.srcs/constrs_1/new/Constraint.xdc:106]
Resolution: If [get_<value>] was used to populate the object, check to make sure this command returns at least one valid object.
WARNING: [Vivado 12-584] No ports matched 'an[3]'. [C:/EE2026 lab/Project/Tetris_EE2026_/tetris.srcs/constrs_1/new/Constraint.xdc:107]
CRITICAL WARNING: [Common 17-55] 'set_property' expects at least one object. [C:/EE2026 lab/Project/Tetris_EE2026_/tetris.srcs/constrs_1/new/Constraint.xdc:107]
Resolution: If [get_<value>] was used to populate the object, check to make sure this command returns at least one valid object.
WARNING: [Vivado 12-584] No ports matched 'btnC'. [C:/EE2026 lab/Project/Tetris_EE2026_/tetris.srcs/constrs_1/new/Constraint.xdc:111]
CRITICAL WARNING: [Common 17-55] 'set_property' expects at least one object. [C:/EE2026 lab/Project/Tetris_EE2026_/tetris.srcs/constrs_1/new/Constraint.xdc:111]
Resolution: If [get_<value>] was used to populate the object, check to make sure this command returns at least one valid object.
WARNING: [Vivado 12-584] No ports matched 'btnC'. [C:/EE2026 lab/Project/Tetris_EE2026_/tetris.srcs/constrs_1/new/Constraint.xdc:112]
CRITICAL WARNING: [Common 17-55] 'set_property' expects at least one object. [C:/EE2026 lab/Project/Tetris_EE2026_/tetris.srcs/constrs_1/new/Constraint.xdc:112]
Resolution: If [get_<value>] was used to populate the object, check to make sure this command returns at least one valid object.
WARNING: [Vivado 12-584] No ports matched 'btnU'. [C:/EE2026 lab/Project/Tetris_EE2026_/tetris.srcs/constrs_1/new/Constraint.xdc:113]
CRITICAL WARNING: [Common 17-55] 'set_property' expects at least one object. [C:/EE2026 lab/Project/Tetris_EE2026_/tetris.srcs/constrs_1/new/Constraint.xdc:113]
Resolution: If [get_<value>] was used to populate the object, check to make sure this command returns at least one valid object.
WARNING: [Vivado 12-584] No ports matched 'btnU'. [C:/EE2026 lab/Project/Tetris_EE2026_/tetris.srcs/constrs_1/new/Constraint.xdc:114]
CRITICAL WARNING: [Common 17-55] 'set_property' expects at least one object. [C:/EE2026 lab/Project/Tetris_EE2026_/tetris.srcs/constrs_1/new/Constraint.xdc:114]
Resolution: If [get_<value>] was used to populate the object, check to make sure this command returns at least one valid object.
WARNING: [Vivado 12-584] No ports matched 'btnL'. [C:/EE2026 lab/Project/Tetris_EE2026_/tetris.srcs/constrs_1/new/Constraint.xdc:115]
CRITICAL WARNING: [Common 17-55] 'set_property' expects at least one object. [C:/EE2026 lab/Project/Tetris_EE2026_/tetris.srcs/constrs_1/new/Constraint.xdc:115]
Resolution: If [get_<value>] was used to populate the object, check to make sure this command returns at least one valid object.
WARNING: [Vivado 12-584] No ports matched 'btnL'. [C:/EE2026 lab/Project/Tetris_EE2026_/tetris.srcs/constrs_1/new/Constraint.xdc:116]
CRITICAL WARNING: [Common 17-55] 'set_property' expects at least one object. [C:/EE2026 lab/Project/Tetris_EE2026_/tetris.srcs/constrs_1/new/Constraint.xdc:116]
Resolution: If [get_<value>] was used to populate the object, check to make sure this command returns at least one valid object.
WARNING: [Vivado 12-584] No ports matched 'btnR'. [C:/EE2026 lab/Project/Tetris_EE2026_/tetris.srcs/constrs_1/new/Constraint.xdc:117]
CRITICAL WARNING: [Common 17-55] 'set_property' expects at least one object. [C:/EE2026 lab/Project/Tetris_EE2026_/tetris.srcs/constrs_1/new/Constraint.xdc:117]
Resolution: If [get_<value>] was used to populate the object, check to make sure this command returns at least one valid object.
WARNING: [Vivado 12-584] No ports matched 'btnR'. [C:/EE2026 lab/Project/Tetris_EE2026_/tetris.srcs/constrs_1/new/Constraint.xdc:118]
CRITICAL WARNING: [Common 17-55] 'set_property' expects at least one object. [C:/EE2026 lab/Project/Tetris_EE2026_/tetris.srcs/constrs_1/new/Constraint.xdc:118]
Resolution: If [get_<value>] was used to populate the object, check to make sure this command returns at least one valid object.
WARNING: [Vivado 12-584] No ports matched 'btnD'. [C:/EE2026 lab/Project/Tetris_EE2026_/tetris.srcs/constrs_1/new/Constraint.xdc:119]
CRITICAL WARNING: [Common 17-55] 'set_property' expects at least one object. [C:/EE2026 lab/Project/Tetris_EE2026_/tetris.srcs/constrs_1/new/Constraint.xdc:119]
Resolution: If [get_<value>] was used to populate the object, check to make sure this command returns at least one valid object.
WARNING: [Vivado 12-584] No ports matched 'btnD'. [C:/EE2026 lab/Project/Tetris_EE2026_/tetris.srcs/constrs_1/new/Constraint.xdc:120]
CRITICAL WARNING: [Common 17-55] 'set_property' expects at least one object. [C:/EE2026 lab/Project/Tetris_EE2026_/tetris.srcs/constrs_1/new/Constraint.xdc:120]
Resolution: If [get_<value>] was used to populate the object, check to make sure this command returns at least one valid object.
Finished Parsing XDC File [C:/EE2026 lab/Project/Tetris_EE2026_/tetris.srcs/constrs_1/new/Constraint.xdc]
INFO: [Project 1-236] Implementation specific constraints were found while reading constraint file [C:/EE2026 lab/Project/Tetris_EE2026_/tetris.srcs/constrs_1/new/Constraint.xdc]. These constraints will be ignored for synthesis but will be used in implementation. Impacted constraints are listed in the file [.Xil/top_keyboard_propImpl.xdc].
Resolution: To avoid this warning, move constraints listed in [.Xil/top_keyboard_propImpl.xdc] to another XDC file and exclude this new file from synthesis with the used_in_synthesis property (File Properties dialog in GUI) and re-run elaboration/synthesis.
Completed Processing XDC Constraints

INFO: [Project 1-111] Unisim Transformation Summary:
No Unisim elements were transformed.

Constraint Validation Runtime : Time (s): cpu = 00:00:00 ; elapsed = 00:00:00.005 . Memory (MB): peak = 745.512 ; gain = 0.000
---------------------------------------------------------------------------------
Finished Constraint Validation : Time (s): cpu = 00:00:10 ; elapsed = 00:00:14 . Memory (MB): peak = 745.512 ; gain = 488.988
---------------------------------------------------------------------------------
---------------------------------------------------------------------------------
Start Loading Part and Timing Information
---------------------------------------------------------------------------------
Loading part: xc7a35tcpg236-1
---------------------------------------------------------------------------------
Finished Loading Part and Timing Information : Time (s): cpu = 00:00:10 ; elapsed = 00:00:14 . Memory (MB): peak = 745.512 ; gain = 488.988
---------------------------------------------------------------------------------
---------------------------------------------------------------------------------
Start Applying 'set_property' XDC Constraints
---------------------------------------------------------------------------------
---------------------------------------------------------------------------------
Finished applying 'set_property' XDC Constraints : Time (s): cpu = 00:00:10 ; elapsed = 00:00:14 . Memory (MB): peak = 745.512 ; gain = 488.988
---------------------------------------------------------------------------------
INFO: [Synth 8-5546] ROM "O" won't be mapped to RAM because it is too sparse
INFO: [Synth 8-5546] ROM "count" won't be mapped to RAM because it is too sparse
INFO: [Synth 8-5544] ROM "cnt" won't be mapped to Block RAM because address size (4) smaller than threshold (5)
INFO: [Synth 8-5544] ROM "running" won't be mapped to Block RAM because address size (3) smaller than threshold (5)
INFO: [Synth 8-5546] ROM "shift" won't be mapped to RAM because it is too sparse
INFO: [Synth 8-5544] ROM "running" won't be mapped to Block RAM because address size (4) smaller than threshold (5)
INFO: [Synth 8-5546] ROM "bcount" won't be mapped to RAM because it is too sparse
---------------------------------------------------------------------------------
Finished RTL Optimization Phase 2 : Time (s): cpu = 00:00:10 ; elapsed = 00:00:15 . Memory (MB): peak = 745.512 ; gain = 488.988
---------------------------------------------------------------------------------

Report RTL Partitions: 
+-+--------------+------------+----------+
| |RTL Partition |Replication |Instances |
+-+--------------+------------+----------+
+-+--------------+------------+----------+
---------------------------------------------------------------------------------
Start RTL Component Statistics 
---------------------------------------------------------------------------------
Detailed RTL Component Info : 
+---Adders : 
	   2 Input     16 Bit       Adders := 1     
	   2 Input      7 Bit       Adders := 4     
	   2 Input      5 Bit       Adders := 2     
	   2 Input      4 Bit       Adders := 2     
	   2 Input      3 Bit       Adders := 2     
+---Registers : 
	               32 Bit    Registers := 1     
	               16 Bit    Registers := 3     
	               11 Bit    Registers := 1     
	                8 Bit    Registers := 2     
	                5 Bit    Registers := 2     
	                4 Bit    Registers := 2     
	                3 Bit    Registers := 1     
	                1 Bit    Registers := 12    
+---Muxes : 
	   2 Input     16 Bit        Muxes := 1     
	   2 Input     11 Bit        Muxes := 1     
	   2 Input      7 Bit        Muxes := 4     
	   2 Input      4 Bit        Muxes := 2     
	   2 Input      3 Bit        Muxes := 4     
	   2 Input      1 Bit        Muxes := 15    
	   3 Input      1 Bit        Muxes := 1     
	  12 Input      1 Bit        Muxes := 2     
---------------------------------------------------------------------------------
Finished RTL Component Statistics 
---------------------------------------------------------------------------------
---------------------------------------------------------------------------------
Start RTL Hierarchical Component Statistics 
---------------------------------------------------------------------------------
Hierarchical RTL Component report 
Module top_keyboard 
Detailed RTL Component Info : 
+---Registers : 
	               16 Bit    Registers := 1     
	                1 Bit    Registers := 2     
+---Muxes : 
	   2 Input      3 Bit        Muxes := 2     
	   2 Input      1 Bit        Muxes := 1     
Module debouncer 
Detailed RTL Component Info : 
+---Adders : 
	   2 Input      5 Bit       Adders := 1     
+---Registers : 
	                5 Bit    Registers := 1     
	                1 Bit    Registers := 2     
+---Muxes : 
	   2 Input      1 Bit        Muxes := 2     
Module PS2Receiver 
Detailed RTL Component Info : 
+---Adders : 
	   2 Input      4 Bit       Adders := 1     
+---Registers : 
	               16 Bit    Registers := 1     
	                8 Bit    Registers := 2     
	                4 Bit    Registers := 1     
	                1 Bit    Registers := 3     
+---Muxes : 
	   2 Input      4 Bit        Muxes := 1     
	   3 Input      1 Bit        Muxes := 1     
	  12 Input      1 Bit        Muxes := 2     
Module bin2ascii 
Detailed RTL Component Info : 
+---Adders : 
	   2 Input      7 Bit       Adders := 4     
+---Muxes : 
	   2 Input      7 Bit        Muxes := 4     
Module uart_buf_con 
Detailed RTL Component Info : 
+---Adders : 
	   2 Input      3 Bit       Adders := 2     
+---Registers : 
	               32 Bit    Registers := 1     
	                3 Bit    Registers := 1     
	                1 Bit    Registers := 2     
+---Muxes : 
	   2 Input      3 Bit        Muxes := 2     
	   2 Input      1 Bit        Muxes := 5     
Module uart_tx 
Detailed RTL Component Info : 
+---Adders : 
	   2 Input     16 Bit       Adders := 1     
	   2 Input      4 Bit       Adders := 1     
+---Registers : 
	               16 Bit    Registers := 1     
	               11 Bit    Registers := 1     
	                4 Bit    Registers := 1     
	                1 Bit    Registers := 1     
+---Muxes : 
	   2 Input     16 Bit        Muxes := 1     
	   2 Input     11 Bit        Muxes := 1     
	   2 Input      4 Bit        Muxes := 1     
	   2 Input      1 Bit        Muxes := 5     
---------------------------------------------------------------------------------
Finished RTL Hierarchical Component Statistics
---------------------------------------------------------------------------------
---------------------------------------------------------------------------------
Start Part Resource Summary
---------------------------------------------------------------------------------
Part Resources:
DSPs: 90 (col length:60)
BRAMs: 100 (col length: RAMB18 60 RAMB36 30)
---------------------------------------------------------------------------------
Finished Part Resource Summary
---------------------------------------------------------------------------------
---------------------------------------------------------------------------------
Start Cross Boundary and Area Optimization
---------------------------------------------------------------------------------
Warning: Parallel synthesis criteria is not met 
INFO: [Synth 8-5546] ROM "bcount" won't be mapped to RAM because it is too sparse
INFO: [Synth 8-3333] propagating constant 1 across sequential element (\get_tx/shift_reg[10] )
INFO: [Synth 8-3886] merging instance 'tx_con/pbuf_reg[31]' (FDE) to 'tx_con/pbuf_reg[7]'
INFO: [Synth 8-3886] merging instance 'tx_con/pbuf_reg[23]' (FDE) to 'tx_con/pbuf_reg[7]'
INFO: [Synth 8-3886] merging instance 'tx_con/pbuf_reg[15]' (FDE) to 'tx_con/pbuf_reg[7]'
INFO: [Synth 8-3333] propagating constant 0 across sequential element (\tx_con/pbuf_reg[7] )
INFO: [Synth 8-3886] merging instance 'tx_con/pbuf_reg[29]' (FDE) to 'tx_con/pbuf_reg[28]'
INFO: [Synth 8-3886] merging instance 'tx_con/pbuf_reg[21]' (FDE) to 'tx_con/pbuf_reg[20]'
INFO: [Synth 8-3886] merging instance 'tx_con/pbuf_reg[13]' (FDE) to 'tx_con/pbuf_reg[12]'
INFO: [Synth 8-3886] merging instance 'tx_con/pbuf_reg[5]' (FDE) to 'tx_con/pbuf_reg[4]'
INFO: [Synth 8-3886] merging instance 'uut/dataprev_reg[3]' (FDE) to 'uut/keycode_reg[3]'
INFO: [Synth 8-3886] merging instance 'uut/dataprev_reg[0]' (FDE) to 'uut/keycode_reg[0]'
INFO: [Synth 8-3886] merging instance 'uut/dataprev_reg[1]' (FDE) to 'uut/keycode_reg[1]'
INFO: [Synth 8-3886] merging instance 'uut/dataprev_reg[2]' (FDE) to 'uut/keycode_reg[2]'
INFO: [Synth 8-3886] merging instance 'uut/dataprev_reg[6]' (FDE) to 'uut/keycode_reg[6]'
INFO: [Synth 8-3886] merging instance 'uut/dataprev_reg[4]' (FDE) to 'uut/keycode_reg[4]'
INFO: [Synth 8-3886] merging instance 'uut/dataprev_reg[5]' (FDE) to 'uut/keycode_reg[5]'
INFO: [Synth 8-3886] merging instance 'uut/dataprev_reg[7]' (FDE) to 'uut/keycode_reg[7]'
INFO: [Synth 8-3886] merging instance 'get_tx/shift_reg[10]' (FDE) to 'get_tx/shift_reg[9]'
INFO: [Synth 8-3333] propagating constant 1 across sequential element (\get_tx/shift_reg[9] )
WARNING: [Synth 8-3332] Sequential element (tx_con/pbuf_reg[7]) is unused and will be removed from module top_keyboard.
WARNING: [Synth 8-3332] Sequential element (get_tx/shift_reg[9]) is unused and will be removed from module top_keyboard.
---------------------------------------------------------------------------------
Finished Cross Boundary and Area Optimization : Time (s): cpu = 00:00:11 ; elapsed = 00:00:16 . Memory (MB): peak = 745.512 ; gain = 488.988
---------------------------------------------------------------------------------

Report RTL Partitions: 
+-+--------------+------------+----------+
| |RTL Partition |Replication |Instances |
+-+--------------+------------+----------+
+-+--------------+------------+----------+
---------------------------------------------------------------------------------
Start Applying XDC Timing Constraints
---------------------------------------------------------------------------------
---------------------------------------------------------------------------------
Finished Applying XDC Timing Constraints : Time (s): cpu = 00:00:17 ; elapsed = 00:00:25 . Memory (MB): peak = 745.512 ; gain = 488.988
---------------------------------------------------------------------------------
---------------------------------------------------------------------------------
Start Timing Optimization
---------------------------------------------------------------------------------
---------------------------------------------------------------------------------
Finished Timing Optimization : Time (s): cpu = 00:00:18 ; elapsed = 00:00:26 . Memory (MB): peak = 763.043 ; gain = 506.520
---------------------------------------------------------------------------------

Report RTL Partitions: 
+-+--------------+------------+----------+
| |RTL Partition |Replication |Instances |
+-+--------------+------------+----------+
+-+--------------+------------+----------+
---------------------------------------------------------------------------------
Start Technology Mapping
---------------------------------------------------------------------------------
---------------------------------------------------------------------------------
Finished Technology Mapping : Time (s): cpu = 00:00:18 ; elapsed = 00:00:26 . Memory (MB): peak = 769.531 ; gain = 513.008
---------------------------------------------------------------------------------

Report RTL Partitions: 
+-+--------------+------------+----------+
| |RTL Partition |Replication |Instances |
+-+--------------+------------+----------+
+-+--------------+------------+----------+
---------------------------------------------------------------------------------
Start IO Insertion
---------------------------------------------------------------------------------
---------------------------------------------------------------------------------
Start Flattening Before IO Insertion
---------------------------------------------------------------------------------
---------------------------------------------------------------------------------
Finished Flattening Before IO Insertion
---------------------------------------------------------------------------------
---------------------------------------------------------------------------------
Start Final Netlist Cleanup
---------------------------------------------------------------------------------
---------------------------------------------------------------------------------
Finished Final Netlist Cleanup
---------------------------------------------------------------------------------
---------------------------------------------------------------------------------
Finished IO Insertion : Time (s): cpu = 00:00:19 ; elapsed = 00:00:27 . Memory (MB): peak = 769.531 ; gain = 513.008
---------------------------------------------------------------------------------

Report Check Netlist: 
+------+------------------+-------+---------+-------+------------------+
|      |Item              |Errors |Warnings |Status |Description       |
+------+------------------+-------+---------+-------+------------------+
|1     |multi_driven_nets |      0|        0|Passed |Multi driven nets |
+------+------------------+-------+---------+-------+------------------+
---------------------------------------------------------------------------------
Start Renaming Generated Instances
---------------------------------------------------------------------------------
---------------------------------------------------------------------------------
Finished Renaming Generated Instances : Time (s): cpu = 00:00:19 ; elapsed = 00:00:27 . Memory (MB): peak = 769.531 ; gain = 513.008
---------------------------------------------------------------------------------

Report RTL Partitions: 
+-+--------------+------------+----------+
| |RTL Partition |Replication |Instances |
+-+--------------+------------+----------+
+-+--------------+------------+----------+
---------------------------------------------------------------------------------
Start Rebuilding User Hierarchy
---------------------------------------------------------------------------------
---------------------------------------------------------------------------------
Finished Rebuilding User Hierarchy : Time (s): cpu = 00:00:19 ; elapsed = 00:00:27 . Memory (MB): peak = 769.531 ; gain = 513.008
---------------------------------------------------------------------------------
---------------------------------------------------------------------------------
Start Renaming Generated Ports
---------------------------------------------------------------------------------
---------------------------------------------------------------------------------
Finished Renaming Generated Ports : Time (s): cpu = 00:00:19 ; elapsed = 00:00:27 . Memory (MB): peak = 769.531 ; gain = 513.008
---------------------------------------------------------------------------------
---------------------------------------------------------------------------------
Start Handling Custom Attributes
---------------------------------------------------------------------------------
---------------------------------------------------------------------------------
Finished Handling Custom Attributes : Time (s): cpu = 00:00:19 ; elapsed = 00:00:27 . Memory (MB): peak = 769.531 ; gain = 513.008
---------------------------------------------------------------------------------
---------------------------------------------------------------------------------
Start Renaming Generated Nets
---------------------------------------------------------------------------------
---------------------------------------------------------------------------------
Finished Renaming Generated Nets : Time (s): cpu = 00:00:19 ; elapsed = 00:00:27 . Memory (MB): peak = 769.531 ; gain = 513.008
---------------------------------------------------------------------------------
---------------------------------------------------------------------------------
Start Writing Synthesis Report
---------------------------------------------------------------------------------

Report BlackBoxes: 
+-+--------------+----------+
| |BlackBox name |Instances |
+-+--------------+----------+
+-+--------------+----------+

Report Cell Usage: 
+------+-------+------+
|      |Cell   |Count |
+------+-------+------+
|1     |BUFG   |     2|
|2     |CARRY4 |     6|
|3     |LUT1   |     4|
|4     |LUT2   |    19|
|5     |LUT3   |    18|
|6     |LUT4   |    33|
|7     |LUT5   |    12|
|8     |LUT6   |    38|
|9     |FDRE   |   122|
|10    |IBUF   |     3|
|11    |OBUF   |     1|
+------+-------+------+

Report Instance Areas: 
+------+------------+-------------+------+
|      |Instance    |Module       |Cells |
+------+------------+-------------+------+
|1     |top         |             |   258|
|2     |  get_tx    |uart_tx      |    59|
|3     |  tx_con    |uart_buf_con |    77|
|4     |  uut       |PS2Receiver  |    96|
|5     |    db_clk  |debouncer    |    15|
|6     |    db_data |debouncer_0  |    16|
+------+------------+-------------+------+
---------------------------------------------------------------------------------
Finished Writing Synthesis Report : Time (s): cpu = 00:00:19 ; elapsed = 00:00:27 . Memory (MB): peak = 769.531 ; gain = 513.008
---------------------------------------------------------------------------------
Synthesis finished with 0 errors, 0 critical warnings and 2 warnings.
Synthesis Optimization Runtime : Time (s): cpu = 00:00:12 ; elapsed = 00:00:19 . Memory (MB): peak = 769.531 ; gain = 178.398
Synthesis Optimization Complete : Time (s): cpu = 00:00:19 ; elapsed = 00:00:27 . Memory (MB): peak = 769.531 ; gain = 513.008
INFO: [Project 1-571] Translating synthesized netlist
INFO: [Netlist 29-17] Analyzing 9 Unisim elements for replacement
INFO: [Netlist 29-28] Unisim Transformation completed in 0 CPU seconds
INFO: [Project 1-570] Preparing netlist for logic optimization
INFO: [Opt 31-138] Pushed 0 inverter(s) to 0 load pin(s).
INFO: [Project 1-111] Unisim Transformation Summary:
No Unisim elements were transformed.

INFO: [Common 17-83] Releasing license: Synthesis
52 Infos, 101 Warnings, 98 Critical Warnings and 0 Errors encountered.
synth_design completed successfully
synth_design: Time (s): cpu = 00:00:21 ; elapsed = 00:00:29 . Memory (MB): peak = 769.531 ; gain = 525.699
WARNING: [Constraints 18-5210] No constraint will be written out.
INFO: [Common 17-1381] The checkpoint 'C:/EE2026 lab/Project/Tetris_EE2026_/tetris.runs/synth_1/top_keyboard.dcp' has been generated.
INFO: [runtcl-4] Executing : report_utilization -file top_keyboard_utilization_synth.rpt -pb top_keyboard_utilization_synth.pb
report_utilization: Time (s): cpu = 00:00:00 ; elapsed = 00:00:00.026 . Memory (MB): peak = 769.531 ; gain = 0.000
INFO: [Common 17-206] Exiting Vivado at Thu Oct 26 21:21:56 2023...
